CRITICAL - 2023-11-06 01:29:34 --> Too few arguments to function CodeIgniter\Validation\Validation::showError(), 0 passed in C:\xampp\htdocs\turismo\app\Views\login\login.php on line 41 and at least 1 expected
in SYSTEMPATH\Validation\Validation.php on line 666.
 1 APPPATH\Views\login\login.php(41): CodeIgniter\Validation\Validation->showError()
 2 SYSTEMPATH\View\View.php(228): include('C:\\xampp\\htdocs\\turismo\\app\\Views\\login\\login.php')
 3 SYSTEMPATH\View\View.php(231): CodeIgniter\View\View->CodeIgniter\View\{closure}()
 4 SYSTEMPATH\Common.php(1190): CodeIgniter\View\View->render('login/login', [], true)
 5 APPPATH\Controllers\Usuario.php(38): view('login/login', [...])
 6 SYSTEMPATH\CodeIgniter.php(942): App\Controllers\Usuario->login()
 7 SYSTEMPATH\CodeIgniter.php(502): CodeIgniter\CodeIgniter->runController(Object(App\Controllers\Usuario))
 8 SYSTEMPATH\CodeIgniter.php(361): CodeIgniter\CodeIgniter->handleRequest(null, Object(Config\Cache), false)
 9 FCPATH\index.php(79): CodeIgniter\CodeIgniter->run()
CRITICAL - 2023-11-06 01:29:54 --> Call to undefined method CodeIgniter\Validation\Validation::showErrors()
in APPPATH\Views\login\login.php on line 41.
 1 SYSTEMPATH\View\View.php(228): include()
 2 SYSTEMPATH\View\View.php(231): CodeIgniter\View\View->CodeIgniter\View\{closure}()
 3 SYSTEMPATH\Common.php(1190): CodeIgniter\View\View->render('login/login', [], true)
 4 APPPATH\Controllers\Usuario.php(38): view('login/login', [...])
 5 SYSTEMPATH\CodeIgniter.php(942): App\Controllers\Usuario->login()
 6 SYSTEMPATH\CodeIgniter.php(502): CodeIgniter\CodeIgniter->runController(Object(App\Controllers\Usuario))
 7 SYSTEMPATH\CodeIgniter.php(361): CodeIgniter\CodeIgniter->handleRequest(null, Object(Config\Cache), false)
 8 FCPATH\index.php(79): CodeIgniter\CodeIgniter->run()
CRITICAL - 2023-11-06 01:33:03 --> Undefined array key 0
in APPPATH\Views\login\login.php on line 43.
 1 APPPATH\Views\login\login.php(43): CodeIgniter\Debug\Exceptions->errorHandler(2, 'Undefined array key 0', 'C:\\xampp\\htdocs\\turismo\\app\\Views\\login\\login.php', 43)
 2 SYSTEMPATH\View\View.php(228): include('C:\\xampp\\htdocs\\turismo\\app\\Views\\login\\login.php')
 3 SYSTEMPATH\View\View.php(231): CodeIgniter\View\View->CodeIgniter\View\{closure}()
 4 SYSTEMPATH\Common.php(1190): CodeIgniter\View\View->render('login/login', [], true)
 5 APPPATH\Controllers\Usuario.php(38): view('login/login', [...])
 6 SYSTEMPATH\CodeIgniter.php(942): App\Controllers\Usuario->login()
 7 SYSTEMPATH\CodeIgniter.php(502): CodeIgniter\CodeIgniter->runController(Object(App\Controllers\Usuario))
 8 SYSTEMPATH\CodeIgniter.php(361): CodeIgniter\CodeIgniter->handleRequest(null, Object(Config\Cache), false)
 9 FCPATH\index.php(79): CodeIgniter\CodeIgniter->run()
CRITICAL - 2023-11-06 01:37:09 --> Undefined array key 0
in APPPATH\Views\login\login.php on line 44.
 1 APPPATH\Views\login\login.php(44): CodeIgniter\Debug\Exceptions->errorHandler(2, 'Undefined array key 0', 'C:\\xampp\\htdocs\\turismo\\app\\Views\\login\\login.php', 44)
 2 SYSTEMPATH\View\View.php(228): include('C:\\xampp\\htdocs\\turismo\\app\\Views\\login\\login.php')
 3 SYSTEMPATH\View\View.php(231): CodeIgniter\View\View->CodeIgniter\View\{closure}()
 4 SYSTEMPATH\Common.php(1190): CodeIgniter\View\View->render('login/login', [], true)
 5 APPPATH\Controllers\Usuario.php(38): view('login/login', [...])
 6 SYSTEMPATH\CodeIgniter.php(942): App\Controllers\Usuario->login()
 7 SYSTEMPATH\CodeIgniter.php(502): CodeIgniter\CodeIgniter->runController(Object(App\Controllers\Usuario))
 8 SYSTEMPATH\CodeIgniter.php(361): CodeIgniter\CodeIgniter->handleRequest(null, Object(Config\Cache), false)
 9 FCPATH\index.php(79): CodeIgniter\CodeIgniter->run()
CRITICAL - 2023-11-06 01:37:24 --> Call to a member function get() on array
in APPPATH\Views\login\login.php on line 44.
 1 SYSTEMPATH\View\View.php(228): include()
 2 SYSTEMPATH\View\View.php(231): CodeIgniter\View\View->CodeIgniter\View\{closure}()
 3 SYSTEMPATH\Common.php(1190): CodeIgniter\View\View->render('login/login', [], true)
 4 APPPATH\Controllers\Usuario.php(38): view('login/login', [...])
 5 SYSTEMPATH\CodeIgniter.php(942): App\Controllers\Usuario->login()
 6 SYSTEMPATH\CodeIgniter.php(502): CodeIgniter\CodeIgniter->runController(Object(App\Controllers\Usuario))
 7 SYSTEMPATH\CodeIgniter.php(361): CodeIgniter\CodeIgniter->handleRequest(null, Object(Config\Cache), false)
 8 FCPATH\index.php(79): CodeIgniter\CodeIgniter->run()
