CRITICAL - 2024-08-10 00:03:30 --> foreach() argument must be of type array|object, null given
in APPPATH\Views\producto\listitemcarts.php on line 3.
 1 APPPATH\Views\producto\listitemcarts.php(3): CodeIgniter\Debug\Exceptions->errorHandler(2, 'foreach() argument must be of type array|object, null given', 'C:\\xampp\\htdocs\\tienda\\app\\Views\\producto\\listitemcarts.php', 3)
 2 SYSTEMPATH\View\View.php(228): include('C:\\xampp\\htdocs\\tienda\\app\\Views\\producto\\listitemcarts.php')
 3 SYSTEMPATH\View\View.php(231): CodeIgniter\View\View->CodeIgniter\View\{closure}()
 4 SYSTEMPATH\Common.php(1190): CodeIgniter\View\View->render('producto/listitemcarts', [], true)
 5 APPPATH\Controllers\Carrito.php(28): view('producto/listitemcarts', [...])
 6 SYSTEMPATH\CodeIgniter.php(942): App\Controllers\Carrito->viewProductosGrid()
 7 SYSTEMPATH\CodeIgniter.php(502): CodeIgniter\CodeIgniter->runController(Object(App\Controllers\Carrito))
 8 SYSTEMPATH\CodeIgniter.php(361): CodeIgniter\CodeIgniter->handleRequest(null, Object(Config\Cache), false)
 9 FCPATH\index.php(79): CodeIgniter\CodeIgniter->run()
CRITICAL - 2024-08-10 00:33:37 --> The framework needs the following extension(s) installed and loaded: intl, mbstring.
in SYSTEMPATH\CodeIgniter.php on line 252.
 1 SYSTEMPATH\CodeIgniter.php(252): CodeIgniter\Exceptions\FrameworkException::forMissingExtension()
 2 SYSTEMPATH\CodeIgniter.php(214): CodeIgniter\CodeIgniter->resolvePlatformExtensions()
 3 FCPATH\index.php(67): CodeIgniter\CodeIgniter->initialize()
CRITICAL - 2024-08-10 01:16:26 --> foreach() argument must be of type array|object, null given
in APPPATH\Views\producto\listitemcarts.php on line 3.
 1 APPPATH\Views\producto\listitemcarts.php(3): CodeIgniter\Debug\Exceptions->errorHandler(2, 'foreach() argument must be of type array|object, null given', 'C:\\xampp\\htdocs\\tienda\\app\\Views\\producto\\listitemcarts.php', 3)
 2 SYSTEMPATH\View\View.php(228): include('C:\\xampp\\htdocs\\tienda\\app\\Views\\producto\\listitemcarts.php')
 3 SYSTEMPATH\View\View.php(231): CodeIgniter\View\View->CodeIgniter\View\{closure}()
 4 SYSTEMPATH\Common.php(1190): CodeIgniter\View\View->render('producto/listitemcarts', [], true)
 5 APPPATH\Controllers\Carrito.php(28): view('producto/listitemcarts', [...])
 6 SYSTEMPATH\CodeIgniter.php(942): App\Controllers\Carrito->viewProductosGrid()
 7 SYSTEMPATH\CodeIgniter.php(502): CodeIgniter\CodeIgniter->runController(Object(App\Controllers\Carrito))
 8 SYSTEMPATH\CodeIgniter.php(361): CodeIgniter\CodeIgniter->handleRequest(null, Object(Config\Cache), false)
 9 FCPATH\index.php(79): CodeIgniter\CodeIgniter->run()
CRITICAL - 2024-08-10 01:32:14 --> foreach() argument must be of type array|object, null given
in APPPATH\Views\producto\listitemcarts.php on line 3.
 1 APPPATH\Views\producto\listitemcarts.php(3): CodeIgniter\Debug\Exceptions->errorHandler(2, 'foreach() argument must be of type array|object, null given', 'C:\\xampp\\htdocs\\tienda\\app\\Views\\producto\\listitemcarts.php', 3)
 2 SYSTEMPATH\View\View.php(228): include('C:\\xampp\\htdocs\\tienda\\app\\Views\\producto\\listitemcarts.php')
 3 SYSTEMPATH\View\View.php(231): CodeIgniter\View\View->CodeIgniter\View\{closure}()
 4 SYSTEMPATH\Common.php(1190): CodeIgniter\View\View->render('producto/listitemcarts', [], true)
 5 APPPATH\Controllers\Carrito.php(28): view('producto/listitemcarts', [...])
 6 SYSTEMPATH\CodeIgniter.php(942): App\Controllers\Carrito->viewProductosGrid()
 7 SYSTEMPATH\CodeIgniter.php(502): CodeIgniter\CodeIgniter->runController(Object(App\Controllers\Carrito))
 8 SYSTEMPATH\CodeIgniter.php(361): CodeIgniter\CodeIgniter->handleRequest(null, Object(Config\Cache), false)
 9 FCPATH\index.php(79): CodeIgniter\CodeIgniter->run()
CRITICAL - 2024-08-10 15:16:39 --> foreach() argument must be of type array|object, null given
in APPPATH\Views\producto\listitemcarts.php on line 3.
 1 APPPATH\Views\producto\listitemcarts.php(3): CodeIgniter\Debug\Exceptions->errorHandler(2, 'foreach() argument must be of type array|object, null given', 'C:\\xampp\\htdocs\\tienda\\app\\Views\\producto\\listitemcarts.php', 3)
 2 SYSTEMPATH\View\View.php(228): include('C:\\xampp\\htdocs\\tienda\\app\\Views\\producto\\listitemcarts.php')
 3 SYSTEMPATH\View\View.php(231): CodeIgniter\View\View->CodeIgniter\View\{closure}()
 4 SYSTEMPATH\Common.php(1190): CodeIgniter\View\View->render('producto/listitemcarts', [], true)
 5 APPPATH\Controllers\Carrito.php(28): view('producto/listitemcarts', [...])
 6 SYSTEMPATH\CodeIgniter.php(942): App\Controllers\Carrito->viewProductosGrid()
 7 SYSTEMPATH\CodeIgniter.php(502): CodeIgniter\CodeIgniter->runController(Object(App\Controllers\Carrito))
 8 SYSTEMPATH\CodeIgniter.php(361): CodeIgniter\CodeIgniter->handleRequest(null, Object(Config\Cache), false)
 9 FCPATH\index.php(79): CodeIgniter\CodeIgniter->run()
