CRITICAL - 2024-03-02 16:23:15 --> "existsUser" is not a valid rule.
in SYSTEMPATH\Validation\Validation.php on line 319.
 1 SYSTEMPATH\Validation\Validation.php(319): CodeIgniter\Validation\Exceptions\ValidationException::forRuleNotFound('existsUser')
 2 SYSTEMPATH\Validation\Validation.php(197): CodeIgniter\Validation\Validation->processRules('usuario', 'usuario', 'cristian', [...], [...])
 3 SYSTEMPATH\Controller.php(152): CodeIgniter\Validation\Validation->run()
 4 APPPATH\Controllers\Usuario.php(35): CodeIgniter\Controller->validate([...], [...])
 5 SYSTEMPATH\CodeIgniter.php(942): App\Controllers\Usuario->login()
 6 SYSTEMPATH\CodeIgniter.php(502): CodeIgniter\CodeIgniter->runController(Object(App\Controllers\Usuario))
 7 SYSTEMPATH\CodeIgniter.php(361): CodeIgniter\CodeIgniter->handleRequest(null, Object(Config\Cache), false)
 8 FCPATH\index.php(79): CodeIgniter\CodeIgniter->run()
CRITICAL - 2024-03-02 16:24:00 --> "existsUser" is not a valid rule.
in SYSTEMPATH\Validation\Validation.php on line 319.
 1 SYSTEMPATH\Validation\Validation.php(319): CodeIgniter\Validation\Exceptions\ValidationException::forRuleNotFound('existsUser')
 2 SYSTEMPATH\Validation\Validation.php(197): CodeIgniter\Validation\Validation->processRules('usuario', 'usuario', 'cristian', [...], [...])
 3 SYSTEMPATH\Controller.php(152): CodeIgniter\Validation\Validation->run()
 4 APPPATH\Controllers\Usuario.php(35): CodeIgniter\Controller->validate([...], [...])
 5 SYSTEMPATH\CodeIgniter.php(942): App\Controllers\Usuario->login()
 6 SYSTEMPATH\CodeIgniter.php(502): CodeIgniter\CodeIgniter->runController(Object(App\Controllers\Usuario))
 7 SYSTEMPATH\CodeIgniter.php(361): CodeIgniter\CodeIgniter->handleRequest(null, Object(Config\Cache), false)
 8 FCPATH\index.php(79): CodeIgniter\CodeIgniter->run()
CRITICAL - 2024-03-02 16:24:04 --> "existsUser" is not a valid rule.
in SYSTEMPATH\Validation\Validation.php on line 319.
 1 SYSTEMPATH\Validation\Validation.php(319): CodeIgniter\Validation\Exceptions\ValidationException::forRuleNotFound('existsUser')
 2 SYSTEMPATH\Validation\Validation.php(197): CodeIgniter\Validation\Validation->processRules('usuario', 'usuario', 'cristian', [...], [...])
 3 SYSTEMPATH\Controller.php(152): CodeIgniter\Validation\Validation->run()
 4 APPPATH\Controllers\Usuario.php(35): CodeIgniter\Controller->validate([...], [...])
 5 SYSTEMPATH\CodeIgniter.php(942): App\Controllers\Usuario->login()
 6 SYSTEMPATH\CodeIgniter.php(502): CodeIgniter\CodeIgniter->runController(Object(App\Controllers\Usuario))
 7 SYSTEMPATH\CodeIgniter.php(361): CodeIgniter\CodeIgniter->handleRequest(null, Object(Config\Cache), false)
 8 FCPATH\index.php(79): CodeIgniter\CodeIgniter->run()
CRITICAL - 2024-03-02 16:25:43 --> Class "App\Models\usuario_model" not found
in APPPATH\Validation\Userrules.php on line 22.
 1 SYSTEMPATH\Validation\Validation.php(311): App\Validation\Userrules->existsUser('cristian', 'usuario', [...], null, 'usuario')
 2 SYSTEMPATH\Validation\Validation.php(197): CodeIgniter\Validation\Validation->processRules('usuario', 'usuario', 'cristian', [...], [...])
 3 SYSTEMPATH\Controller.php(152): CodeIgniter\Validation\Validation->run()
 4 APPPATH\Controllers\Usuario.php(35): CodeIgniter\Controller->validate([...], [...])
 5 SYSTEMPATH\CodeIgniter.php(942): App\Controllers\Usuario->login()
 6 SYSTEMPATH\CodeIgniter.php(502): CodeIgniter\CodeIgniter->runController(Object(App\Controllers\Usuario))
 7 SYSTEMPATH\CodeIgniter.php(361): CodeIgniter\CodeIgniter->handleRequest(null, Object(Config\Cache), false)
 8 FCPATH\index.php(79): CodeIgniter\CodeIgniter->run()
CRITICAL - 2024-03-02 16:26:26 --> Undefined array key "cedula"
in APPPATH\Validation\Userrules.php on line 23.
 1 APPPATH\Validation\Userrules.php(23): CodeIgniter\Debug\Exceptions->errorHandler(2, 'Undefined array key "cedula"', 'C:\\xampp\\htdocs\\tienda\\app\\Validation\\Userrules.php', 23)
 2 SYSTEMPATH\Validation\Validation.php(311): App\Validation\Userrules->existsUser('cristian', 'usuario', [...], null, 'usuario')
 3 SYSTEMPATH\Validation\Validation.php(197): CodeIgniter\Validation\Validation->processRules('usuario', 'usuario', 'cristian', [...], [...])
 4 SYSTEMPATH\Controller.php(152): CodeIgniter\Validation\Validation->run()
 5 APPPATH\Controllers\Usuario.php(35): CodeIgniter\Controller->validate([...], [...])
 6 SYSTEMPATH\CodeIgniter.php(942): App\Controllers\Usuario->login()
 7 SYSTEMPATH\CodeIgniter.php(502): CodeIgniter\CodeIgniter->runController(Object(App\Controllers\Usuario))
 8 SYSTEMPATH\CodeIgniter.php(361): CodeIgniter\CodeIgniter->handleRequest(null, Object(Config\Cache), false)
 9 FCPATH\index.php(79): CodeIgniter\CodeIgniter->run()
CRITICAL - 2024-03-02 16:27:08 --> Undefined array key "cedula"
in APPPATH\Validation\Userrules.php on line 23.
 1 APPPATH\Validation\Userrules.php(23): CodeIgniter\Debug\Exceptions->errorHandler(2, 'Undefined array key "cedula"', 'C:\\xampp\\htdocs\\tienda\\app\\Validation\\Userrules.php', 23)
 2 SYSTEMPATH\Validation\Validation.php(311): App\Validation\Userrules->existsUser('cristian', 'usuario', [...], null, 'usuario')
 3 SYSTEMPATH\Validation\Validation.php(197): CodeIgniter\Validation\Validation->processRules('usuario', 'usuario', 'cristian', [...], [...])
 4 SYSTEMPATH\Controller.php(152): CodeIgniter\Validation\Validation->run()
 5 APPPATH\Controllers\Usuario.php(35): CodeIgniter\Controller->validate([...], [...])
 6 SYSTEMPATH\CodeIgniter.php(942): App\Controllers\Usuario->login()
 7 SYSTEMPATH\CodeIgniter.php(502): CodeIgniter\CodeIgniter->runController(Object(App\Controllers\Usuario))
 8 SYSTEMPATH\CodeIgniter.php(361): CodeIgniter\CodeIgniter->handleRequest(null, Object(Config\Cache), false)
 9 FCPATH\index.php(79): CodeIgniter\CodeIgniter->run()
ERROR - 2024-03-02 16:27:37 --> mysqli_sql_exception: Unknown column 'cedula' in 'where clause' in C:\xampp\htdocs\tienda\system\Database\MySQLi\Connection.php:306
Stack trace:
#0 C:\xampp\htdocs\tienda\system\Database\MySQLi\Connection.php(306): mysqli->query('SELECT *\nFROM `...', 0)
#1 C:\xampp\htdocs\tienda\system\Database\BaseConnection.php(693): CodeIgniter\Database\MySQLi\Connection->execute('SELECT *\nFROM `...')
#2 C:\xampp\htdocs\tienda\system\Database\BaseConnection.php(607): CodeIgniter\Database\BaseConnection->simpleQuery('SELECT *\nFROM `...')
#3 C:\xampp\htdocs\tienda\system\Database\BaseBuilder.php(1615): CodeIgniter\Database\BaseConnection->query('SELECT *\nFROM `...', Array, false)
#4 C:\xampp\htdocs\tienda\system\Model.php(264): CodeIgniter\Database\BaseBuilder->get()
#5 C:\xampp\htdocs\tienda\system\BaseModel.php(662): CodeIgniter\Model->doFirst()
#6 C:\xampp\htdocs\tienda\app\Controllers\Usuario.php(43): CodeIgniter\BaseModel->first()
#7 C:\xampp\htdocs\tienda\system\CodeIgniter.php(942): App\Controllers\Usuario->login()
#8 C:\xampp\htdocs\tienda\system\CodeIgniter.php(502): CodeIgniter\CodeIgniter->runController(Object(App\Controllers\Usuario))
#9 C:\xampp\htdocs\tienda\system\CodeIgniter.php(361): CodeIgniter\CodeIgniter->handleRequest(NULL, Object(Config\Cache), false)
#10 C:\xampp\htdocs\tienda\index.php(79): CodeIgniter\CodeIgniter->run()
#11 {main}
CRITICAL - 2024-03-02 16:27:37 --> Unknown column 'cedula' in 'where clause'
in SYSTEMPATH\Database\BaseConnection.php on line 647.
 1 SYSTEMPATH\Database\BaseBuilder.php(1615): CodeIgniter\Database\BaseConnection->query('SELECT *
FROM `usuarios`
WHERE `cedula` IS NULL
 LIMIT 1', [], false)
 2 SYSTEMPATH\Model.php(264): CodeIgniter\Database\BaseBuilder->get()
 3 SYSTEMPATH\BaseModel.php(662): CodeIgniter\Model->doFirst()
 4 APPPATH\Controllers\Usuario.php(43): CodeIgniter\BaseModel->first()
 5 SYSTEMPATH\CodeIgniter.php(942): App\Controllers\Usuario->login()
 6 SYSTEMPATH\CodeIgniter.php(502): CodeIgniter\CodeIgniter->runController(Object(App\Controllers\Usuario))
 7 SYSTEMPATH\CodeIgniter.php(361): CodeIgniter\CodeIgniter->handleRequest(null, Object(Config\Cache), false)
 8 FCPATH\index.php(79): CodeIgniter\CodeIgniter->run()
ERROR - 2024-03-02 16:28:17 --> mysqli_sql_exception: Unknown column 'cedula' in 'where clause' in C:\xampp\htdocs\tienda\system\Database\MySQLi\Connection.php:306
Stack trace:
#0 C:\xampp\htdocs\tienda\system\Database\MySQLi\Connection.php(306): mysqli->query('SELECT *\nFROM `...', 0)
#1 C:\xampp\htdocs\tienda\system\Database\BaseConnection.php(693): CodeIgniter\Database\MySQLi\Connection->execute('SELECT *\nFROM `...')
#2 C:\xampp\htdocs\tienda\system\Database\BaseConnection.php(607): CodeIgniter\Database\BaseConnection->simpleQuery('SELECT *\nFROM `...')
#3 C:\xampp\htdocs\tienda\system\Database\BaseBuilder.php(1615): CodeIgniter\Database\BaseConnection->query('SELECT *\nFROM `...', Array, false)
#4 C:\xampp\htdocs\tienda\system\Model.php(264): CodeIgniter\Database\BaseBuilder->get()
#5 C:\xampp\htdocs\tienda\system\BaseModel.php(662): CodeIgniter\Model->doFirst()
#6 C:\xampp\htdocs\tienda\app\Controllers\Usuario.php(43): CodeIgniter\BaseModel->first()
#7 C:\xampp\htdocs\tienda\system\CodeIgniter.php(942): App\Controllers\Usuario->login()
#8 C:\xampp\htdocs\tienda\system\CodeIgniter.php(502): CodeIgniter\CodeIgniter->runController(Object(App\Controllers\Usuario))
#9 C:\xampp\htdocs\tienda\system\CodeIgniter.php(361): CodeIgniter\CodeIgniter->handleRequest(NULL, Object(Config\Cache), false)
#10 C:\xampp\htdocs\tienda\index.php(79): CodeIgniter\CodeIgniter->run()
#11 {main}
CRITICAL - 2024-03-02 16:28:17 --> Unknown column 'cedula' in 'where clause'
in SYSTEMPATH\Database\BaseConnection.php on line 647.
 1 SYSTEMPATH\Database\BaseBuilder.php(1615): CodeIgniter\Database\BaseConnection->query('SELECT *
FROM `usuarios`
WHERE `cedula` IS NULL
 LIMIT 1', [], false)
 2 SYSTEMPATH\Model.php(264): CodeIgniter\Database\BaseBuilder->get()
 3 SYSTEMPATH\BaseModel.php(662): CodeIgniter\Model->doFirst()
 4 APPPATH\Controllers\Usuario.php(43): CodeIgniter\BaseModel->first()
 5 SYSTEMPATH\CodeIgniter.php(942): App\Controllers\Usuario->login()
 6 SYSTEMPATH\CodeIgniter.php(502): CodeIgniter\CodeIgniter->runController(Object(App\Controllers\Usuario))
 7 SYSTEMPATH\CodeIgniter.php(361): CodeIgniter\CodeIgniter->handleRequest(null, Object(Config\Cache), false)
 8 FCPATH\index.php(79): CodeIgniter\CodeIgniter->run()
CRITICAL - 2024-03-02 16:29:12 --> Undefined array key "cedula"
in APPPATH\Controllers\Usuario.php on line 56.
 1 APPPATH\Controllers\Usuario.php(56): CodeIgniter\Debug\Exceptions->errorHandler(2, 'Undefined array key "cedula"', 'C:\\xampp\\htdocs\\tienda\\app\\Controllers\\Usuario.php', 56)
 2 APPPATH\Controllers\Usuario.php(44): App\Controllers\Usuario->setUserSession([...])
 3 SYSTEMPATH\CodeIgniter.php(942): App\Controllers\Usuario->login()
 4 SYSTEMPATH\CodeIgniter.php(502): CodeIgniter\CodeIgniter->runController(Object(App\Controllers\Usuario))
 5 SYSTEMPATH\CodeIgniter.php(361): CodeIgniter\CodeIgniter->handleRequest(null, Object(Config\Cache), false)
 6 FCPATH\index.php(79): CodeIgniter\CodeIgniter->run()
CRITICAL - 2024-03-02 16:29:54 --> "AuthCheck" filter must have a matching alias defined.
in SYSTEMPATH\Filters\Filters.php on line 354.
 1 SYSTEMPATH\Filters\Filters.php(354): CodeIgniter\Filters\Exceptions\FilterException::forNoAlias('AuthCheck')
 2 SYSTEMPATH\CodeIgniter.php(467): CodeIgniter\Filters\Filters->enableFilter('AuthCheck', 'before')
 3 SYSTEMPATH\CodeIgniter.php(361): CodeIgniter\CodeIgniter->handleRequest(null, Object(Config\Cache), false)
 4 FCPATH\index.php(79): CodeIgniter\CodeIgniter->run()
CRITICAL - 2024-03-02 16:30:43 --> Cannot use App\Filters\AuthCheck as AuthCheck because the name is already in use
in APPPATH\Config\Filters.php on line 12.
 1 [internal function]: CodeIgniter\Debug\Exceptions->shutdownHandler()
CRITICAL - 2024-03-02 16:35:26 --> Invalid file: "panel.php"
in SYSTEMPATH\Exceptions\FrameworkException.php on line 39.
 1 SYSTEMPATH\View\View.php(216): CodeIgniter\Exceptions\FrameworkException::forInvalidFile('panel.php')
 2 SYSTEMPATH\Common.php(1190): CodeIgniter\View\View->render('panel', [], true)
 3 APPPATH\Controllers\Home.php(11): view('panel')
 4 SYSTEMPATH\CodeIgniter.php(942): App\Controllers\Home->panel()
 5 SYSTEMPATH\CodeIgniter.php(502): CodeIgniter\CodeIgniter->runController(Object(App\Controllers\Home))
 6 SYSTEMPATH\CodeIgniter.php(361): CodeIgniter\CodeIgniter->handleRequest(null, Object(Config\Cache), false)
 7 FCPATH\index.php(79): CodeIgniter\CodeIgniter->run()
CRITICAL - 2024-03-02 16:52:41 --> filesize(): stat failed for C:\xampp\htdocs\tienda\writable\session/ci_session54er0jmucr9sr76t66uh45be075qqqhn
in SYSTEMPATH\Session\Handlers\FileHandler.php on line 160.
 1 [internal function]: CodeIgniter\Debug\Exceptions->errorHandler(2, 'filesize(): stat failed for C:\\xampp\\htdocs\\tienda\\writable\\session/ci_session54er0jmucr9sr76t66uh45be075qqqhn', 'C:\\xampp\\htdocs\\tienda\\system\\Session\\Handlers\\FileHandler.php', 160)
 2 SYSTEMPATH\Session\Handlers\FileHandler.php(160): filesize('C:\\xampp\\htdocs\\tienda\\writable\\session/ci_session54er0jmucr9sr76t66uh45be075qqqhn')
 3 [internal function]: CodeIgniter\Session\Handlers\FileHandler->read('54er0jmucr9sr76t66uh45be075qqqhn')
 4 SYSTEMPATH\Session\Session.php(919): session_start()
 5 SYSTEMPATH\Session\Session.php(241): CodeIgniter\Session\Session->startSession()
 6 SYSTEMPATH\Config\Services.php(693): CodeIgniter\Session\Session->start()
 7 SYSTEMPATH\Config\BaseService.php(258): CodeIgniter\Config\Services::session(Object(Config\Session), false)
 8 SYSTEMPATH\Config\BaseService.php(199): CodeIgniter\Config\BaseService::__callStatic('session', [...])
 9 SYSTEMPATH\Config\Services.php(664): CodeIgniter\Config\BaseService::getSharedInstance('session', null)
10 SYSTEMPATH\Config\BaseService.php(258): CodeIgniter\Config\Services::session()
11 SYSTEMPATH\Common.php(996): CodeIgniter\Config\BaseService::__callStatic('session', [])
12 APPPATH\Controllers\Usuario.php(69): session()
13 SYSTEMPATH\CodeIgniter.php(942): App\Controllers\Usuario->logout()
14 SYSTEMPATH\CodeIgniter.php(502): CodeIgniter\CodeIgniter->runController(Object(App\Controllers\Usuario))
15 SYSTEMPATH\CodeIgniter.php(361): CodeIgniter\CodeIgniter->handleRequest(null, Object(Config\Cache), false)
16 FCPATH\index.php(79): CodeIgniter\CodeIgniter->run()
