CRITICAL - 2023-11-04 00:00:08 --> Undefined variable $file
in APPPATH\Controllers\LugarTuristico.php on line 147.
 1 APPPATH\Controllers\LugarTuristico.php(147): CodeIgniter\Debug\Exceptions->errorHandler(2, 'Undefined variable $file', 'C:\\xampp\\htdocs\\turismo\\app\\Controllers\\LugarTuristico.php', 147)
 2 SYSTEMPATH\CodeIgniter.php(942): App\Controllers\LugarTuristico->insertLugarTuristico()
 3 SYSTEMPATH\CodeIgniter.php(502): CodeIgniter\CodeIgniter->runController(Object(App\Controllers\LugarTuristico))
 4 SYSTEMPATH\CodeIgniter.php(361): CodeIgniter\CodeIgniter->handleRequest(null, Object(Config\Cache), false)
 5 FCPATH\index.php(79): CodeIgniter\CodeIgniter->run()
CRITICAL - 2023-11-04 00:00:47 --> Undefined variable $file
in APPPATH\Controllers\LugarTuristico.php on line 147.
 1 APPPATH\Controllers\LugarTuristico.php(147): CodeIgniter\Debug\Exceptions->errorHandler(2, 'Undefined variable $file', 'C:\\xampp\\htdocs\\turismo\\app\\Controllers\\LugarTuristico.php', 147)
 2 SYSTEMPATH\CodeIgniter.php(942): App\Controllers\LugarTuristico->insertLugarTuristico()
 3 SYSTEMPATH\CodeIgniter.php(502): CodeIgniter\CodeIgniter->runController(Object(App\Controllers\LugarTuristico))
 4 SYSTEMPATH\CodeIgniter.php(361): CodeIgniter\CodeIgniter->handleRequest(null, Object(Config\Cache), false)
 5 FCPATH\index.php(79): CodeIgniter\CodeIgniter->run()
CRITICAL - 2023-11-04 00:01:22 --> Undefined variable $file
in APPPATH\Controllers\LugarTuristico.php on line 147.
 1 APPPATH\Controllers\LugarTuristico.php(147): CodeIgniter\Debug\Exceptions->errorHandler(2, 'Undefined variable $file', 'C:\\xampp\\htdocs\\turismo\\app\\Controllers\\LugarTuristico.php', 147)
 2 SYSTEMPATH\CodeIgniter.php(942): App\Controllers\LugarTuristico->insertLugarTuristico()
 3 SYSTEMPATH\CodeIgniter.php(502): CodeIgniter\CodeIgniter->runController(Object(App\Controllers\LugarTuristico))
 4 SYSTEMPATH\CodeIgniter.php(361): CodeIgniter\CodeIgniter->handleRequest(null, Object(Config\Cache), false)
 5 FCPATH\index.php(79): CodeIgniter\CodeIgniter->run()
CRITICAL - 2023-11-04 04:36:00 --> Call to undefined function App\Controllers\deleteArchivoImagen()
in APPPATH\Controllers\LugarTuristico.php on line 276.
 1 SYSTEMPATH\CodeIgniter.php(942): App\Controllers\LugarTuristico->updateLugarTuristico('180')
 2 SYSTEMPATH\CodeIgniter.php(502): CodeIgniter\CodeIgniter->runController(Object(App\Controllers\LugarTuristico))
 3 SYSTEMPATH\CodeIgniter.php(361): CodeIgniter\CodeIgniter->handleRequest(null, Object(Config\Cache), false)
 4 FCPATH\index.php(79): CodeIgniter\CodeIgniter->run()
CRITICAL - 2023-11-04 14:23:09 --> Call to undefined function App\Controllers\deleteArchivoImagen()
in APPPATH\Controllers\LugarTuristico.php on line 276.
 1 SYSTEMPATH\CodeIgniter.php(942): App\Controllers\LugarTuristico->updateLugarTuristico('180')
 2 SYSTEMPATH\CodeIgniter.php(502): CodeIgniter\CodeIgniter->runController(Object(App\Controllers\LugarTuristico))
 3 SYSTEMPATH\CodeIgniter.php(361): CodeIgniter\CodeIgniter->handleRequest(null, Object(Config\Cache), false)
 4 FCPATH\index.php(79): CodeIgniter\CodeIgniter->run()
CRITICAL - 2023-11-04 14:26:56 --> Call to undefined function App\Controllers\deleteArchivoImagen()
in APPPATH\Controllers\LugarTuristico.php on line 276.
 1 SYSTEMPATH\CodeIgniter.php(942): App\Controllers\LugarTuristico->updateLugarTuristico('180')
 2 SYSTEMPATH\CodeIgniter.php(502): CodeIgniter\CodeIgniter->runController(Object(App\Controllers\LugarTuristico))
 3 SYSTEMPATH\CodeIgniter.php(361): CodeIgniter\CodeIgniter->handleRequest(null, Object(Config\Cache), false)
 4 FCPATH\index.php(79): CodeIgniter\CodeIgniter->run()
CRITICAL - 2023-11-04 14:28:13 --> Call to undefined function App\Controllers\deleteArchivoImagen()
in APPPATH\Controllers\LugarTuristico.php on line 316.
 1 SYSTEMPATH\CodeIgniter.php(942): App\Controllers\LugarTuristico->deleteLugarTuristico('180')
 2 SYSTEMPATH\CodeIgniter.php(502): CodeIgniter\CodeIgniter->runController(Object(App\Controllers\LugarTuristico))
 3 SYSTEMPATH\CodeIgniter.php(361): CodeIgniter\CodeIgniter->handleRequest(null, Object(Config\Cache), false)
 4 FCPATH\index.php(79): CodeIgniter\CodeIgniter->run()
CRITICAL - 2023-11-04 14:29:28 --> Call to undefined function App\Controllers\deleteArchivoImagen()
in APPPATH\Controllers\LugarTuristico.php on line 316.
 1 SYSTEMPATH\CodeIgniter.php(942): App\Controllers\LugarTuristico->deleteLugarTuristico('180')
 2 SYSTEMPATH\CodeIgniter.php(502): CodeIgniter\CodeIgniter->runController(Object(App\Controllers\LugarTuristico))
 3 SYSTEMPATH\CodeIgniter.php(361): CodeIgniter\CodeIgniter->handleRequest(null, Object(Config\Cache), false)
 4 FCPATH\index.php(79): CodeIgniter\CodeIgniter->run()
CRITICAL - 2023-11-04 14:30:35 --> Call to undefined function App\Controllers\deleteArchivoImagen()
in APPPATH\Controllers\LugarTuristico.php on line 316.
 1 SYSTEMPATH\CodeIgniter.php(942): App\Controllers\LugarTuristico->deleteLugarTuristico('180')
 2 SYSTEMPATH\CodeIgniter.php(502): CodeIgniter\CodeIgniter->runController(Object(App\Controllers\LugarTuristico))
 3 SYSTEMPATH\CodeIgniter.php(361): CodeIgniter\CodeIgniter->handleRequest(null, Object(Config\Cache), false)
 4 FCPATH\index.php(79): CodeIgniter\CodeIgniter->run()
CRITICAL - 2023-11-04 14:33:57 --> Call to undefined function App\Controllers\deleteArchivoImagen()
in APPPATH\Controllers\LugarTuristico.php on line 316.
 1 SYSTEMPATH\CodeIgniter.php(942): App\Controllers\LugarTuristico->deleteLugarTuristico('181')
 2 SYSTEMPATH\CodeIgniter.php(502): CodeIgniter\CodeIgniter->runController(Object(App\Controllers\LugarTuristico))
 3 SYSTEMPATH\CodeIgniter.php(361): CodeIgniter\CodeIgniter->handleRequest(null, Object(Config\Cache), false)
 4 FCPATH\index.php(79): CodeIgniter\CodeIgniter->run()
CRITICAL - 2023-11-04 14:34:12 --> Call to undefined function App\Controllers\deleteArchivoImagen()
in APPPATH\Controllers\LugarTuristico.php on line 316.
 1 SYSTEMPATH\CodeIgniter.php(942): App\Controllers\LugarTuristico->deleteLugarTuristico('181')
 2 SYSTEMPATH\CodeIgniter.php(502): CodeIgniter\CodeIgniter->runController(Object(App\Controllers\LugarTuristico))
 3 SYSTEMPATH\CodeIgniter.php(361): CodeIgniter\CodeIgniter->handleRequest(null, Object(Config\Cache), false)
 4 FCPATH\index.php(79): CodeIgniter\CodeIgniter->run()
CRITICAL - 2023-11-04 14:36:19 --> Call to undefined function App\Controllers\deleteArchivoImagen()
in APPPATH\Controllers\LugarTuristico.php on line 316.
 1 SYSTEMPATH\CodeIgniter.php(942): App\Controllers\LugarTuristico->deleteLugarTuristico('181')
 2 SYSTEMPATH\CodeIgniter.php(502): CodeIgniter\CodeIgniter->runController(Object(App\Controllers\LugarTuristico))
 3 SYSTEMPATH\CodeIgniter.php(361): CodeIgniter\CodeIgniter->handleRequest(null, Object(Config\Cache), false)
 4 FCPATH\index.php(79): CodeIgniter\CodeIgniter->run()
CRITICAL - 2023-11-04 15:16:10 --> Undefined variable $Query
in APPPATH\Models\subcategoria_model.php on line 57.
 1 APPPATH\Models\subcategoria_model.php(57): CodeIgniter\Debug\Exceptions->errorHandler(2, 'Undefined variable $Query', 'C:\\xampp\\htdocs\\turismo\\app\\Models\\subcategoria_model.php', 57)
 2 APPPATH\Controllers\SubCategoria.php(139): App\Models\subcategoria_model->hasLugaresTuristicos('43')
 3 SYSTEMPATH\CodeIgniter.php(942): App\Controllers\SubCategoria->deleteSubCategoria('43')
 4 SYSTEMPATH\CodeIgniter.php(502): CodeIgniter\CodeIgniter->runController(Object(App\Controllers\SubCategoria))
 5 SYSTEMPATH\CodeIgniter.php(361): CodeIgniter\CodeIgniter->handleRequest(null, Object(Config\Cache), false)
 6 FCPATH\index.php(79): CodeIgniter\CodeIgniter->run()
CRITICAL - 2023-11-04 15:18:00 --> Undefined variable $Query
in APPPATH\Models\subcategoria_model.php on line 57.
 1 APPPATH\Models\subcategoria_model.php(57): CodeIgniter\Debug\Exceptions->errorHandler(2, 'Undefined variable $Query', 'C:\\xampp\\htdocs\\turismo\\app\\Models\\subcategoria_model.php', 57)
 2 APPPATH\Controllers\SubCategoria.php(139): App\Models\subcategoria_model->hasLugaresTuristicos('43')
 3 SYSTEMPATH\CodeIgniter.php(942): App\Controllers\SubCategoria->deleteSubCategoria('43')
 4 SYSTEMPATH\CodeIgniter.php(502): CodeIgniter\CodeIgniter->runController(Object(App\Controllers\SubCategoria))
 5 SYSTEMPATH\CodeIgniter.php(361): CodeIgniter\CodeIgniter->handleRequest(null, Object(Config\Cache), false)
 6 FCPATH\index.php(79): CodeIgniter\CodeIgniter->run()
CRITICAL - 2023-11-04 16:55:06 --> Call to undefined method App\Models\categoria_model::execQuery
in SYSTEMPATH\Model.php on line 873.
 1 APPPATH\Models\categoria_model.php(36): CodeIgniter\Model->__call('execQuery', [...])
 2 APPPATH\Controllers\Categoria.php(32): App\Models\categoria_model->getCategoria('1')
 3 SYSTEMPATH\CodeIgniter.php(942): App\Controllers\Categoria->viewEditCategoria('1')
 4 SYSTEMPATH\CodeIgniter.php(502): CodeIgniter\CodeIgniter->runController(Object(App\Controllers\Categoria))
 5 SYSTEMPATH\CodeIgniter.php(361): CodeIgniter\CodeIgniter->handleRequest(null, Object(Config\Cache), false)
 6 FCPATH\index.php(79): CodeIgniter\CodeIgniter->run()
CRITICAL - 2023-11-04 16:56:46 --> Call to undefined method App\Models\categoria_model::execQuery
in SYSTEMPATH\Model.php on line 873.
 1 APPPATH\Models\categoria_model.php(36): CodeIgniter\Model->__call('execQuery', [...])
 2 APPPATH\Controllers\Categoria.php(32): App\Models\categoria_model->getCategoria('1')
 3 SYSTEMPATH\CodeIgniter.php(942): App\Controllers\Categoria->viewEditCategoria('1')
 4 SYSTEMPATH\CodeIgniter.php(502): CodeIgniter\CodeIgniter->runController(Object(App\Controllers\Categoria))
 5 SYSTEMPATH\CodeIgniter.php(361): CodeIgniter\CodeIgniter->handleRequest(null, Object(Config\Cache), false)
 6 FCPATH\index.php(79): CodeIgniter\CodeIgniter->run()
ERROR - 2023-11-04 16:57:38 --> mysqli_sql_exception: You have an error in your SQL syntax; check the manual that corresponds to your MariaDB server version for the right syntax to use near '* FROM categoria_lugar WHERE id=1' at line 1 in C:\xampp\htdocs\turismo\system\Database\MySQLi\Connection.php:306
Stack trace:
#0 C:\xampp\htdocs\turismo\system\Database\MySQLi\Connection.php(306): mysqli->query('SELECT Concat('...', 0)
#1 C:\xampp\htdocs\turismo\system\Database\BaseConnection.php(693): CodeIgniter\Database\MySQLi\Connection->execute('SELECT Concat('...')
#2 C:\xampp\htdocs\turismo\system\Database\BaseConnection.php(607): CodeIgniter\Database\BaseConnection->simpleQuery('SELECT Concat('...')
#3 C:\xampp\htdocs\turismo\app\Models\categoria_model.php(16): CodeIgniter\Database\BaseConnection->query('SELECT Concat('...')
#4 C:\xampp\htdocs\turismo\app\Models\categoria_model.php(41): App\Models\categoria_model->execQuery('SELECT Concat('...')
#5 C:\xampp\htdocs\turismo\app\Controllers\Categoria.php(32): App\Models\categoria_model->getCategoria('1')
#6 C:\xampp\htdocs\turismo\system\CodeIgniter.php(942): App\Controllers\Categoria->viewEditCategoria('1')
#7 C:\xampp\htdocs\turismo\system\CodeIgniter.php(502): CodeIgniter\CodeIgniter->runController(Object(App\Controllers\Categoria))
#8 C:\xampp\htdocs\turismo\system\CodeIgniter.php(361): CodeIgniter\CodeIgniter->handleRequest(NULL, Object(Config\Cache), false)
#9 C:\xampp\htdocs\turismo\index.php(79): CodeIgniter\CodeIgniter->run()
#10 {main}
CRITICAL - 2023-11-04 16:57:38 --> You have an error in your SQL syntax; check the manual that corresponds to your MariaDB server version for the right syntax to use near '* FROM categoria_lugar WHERE id=1' at line 1
in SYSTEMPATH\Database\BaseConnection.php on line 647.
 1 APPPATH\Models\categoria_model.php(16): CodeIgniter\Database\BaseConnection->query('SELECT Concat(\'r_\', id) as dt_rowid, * FROM categoria_lugar WHERE id=1')
 2 APPPATH\Models\categoria_model.php(41): App\Models\categoria_model->execQuery('SELECT Concat(\'r_\', id) as dt_rowid, * FROM categoria_lugar WHERE id=1')
 3 APPPATH\Controllers\Categoria.php(32): App\Models\categoria_model->getCategoria('1')
 4 SYSTEMPATH\CodeIgniter.php(942): App\Controllers\Categoria->viewEditCategoria('1')
 5 SYSTEMPATH\CodeIgniter.php(502): CodeIgniter\CodeIgniter->runController(Object(App\Controllers\Categoria))
 6 SYSTEMPATH\CodeIgniter.php(361): CodeIgniter\CodeIgniter->handleRequest(null, Object(Config\Cache), false)
 7 FCPATH\index.php(79): CodeIgniter\CodeIgniter->run()
CRITICAL - 2023-11-04 21:11:31 --> syntax error, unexpected token ","
in APPPATH\Config\Routes.php on line 35.
 1 SYSTEMPATH\CodeIgniter.php(810): CodeIgniter\Router\RouteCollection->loadRoutes()
 2 SYSTEMPATH\CodeIgniter.php(450): CodeIgniter\CodeIgniter->tryToRouteIt(null)
 3 SYSTEMPATH\CodeIgniter.php(361): CodeIgniter\CodeIgniter->handleRequest(null, Object(Config\Cache), false)
 4 FCPATH\index.php(79): CodeIgniter\CodeIgniter->run()
