CRITICAL - 2023-11-01 23:16:18 --> Unclosed '{' on line 9
in APPPATH\Controllers\SubCategoria.php on line 92.
 1 SYSTEMPATH\Autoloader\Autoloader.php(291): CodeIgniter\Autoloader\Autoloader->includeFile('C:\\xampp\\htdocs\\turismo\\app\\Controllers\\SubCategoria.php')
 2 SYSTEMPATH\Autoloader\Autoloader.php(269): CodeIgniter\Autoloader\Autoloader->loadInNamespace('App\\Controllers\\SubCategoria')
 3 [internal function]: CodeIgniter\Autoloader\Autoloader->loadClass('App\\Controllers\\SubCategoria')
 4 SYSTEMPATH\CodeIgniter.php(900): class_exists('\\App\\Controllers\\SubCategoria', true)
 5 SYSTEMPATH\CodeIgniter.php(489): CodeIgniter\CodeIgniter->startController()
 6 SYSTEMPATH\CodeIgniter.php(361): CodeIgniter\CodeIgniter->handleRequest(null, Object(Config\Cache), false)
 7 FCPATH\index.php(79): CodeIgniter\CodeIgniter->run()
CRITICAL - 2023-11-01 23:17:19 --> Unclosed '{' on line 9
in APPPATH\Controllers\SubCategoria.php on line 92.
 1 SYSTEMPATH\Autoloader\Autoloader.php(291): CodeIgniter\Autoloader\Autoloader->includeFile('C:\\xampp\\htdocs\\turismo\\app\\Controllers\\SubCategoria.php')
 2 SYSTEMPATH\Autoloader\Autoloader.php(269): CodeIgniter\Autoloader\Autoloader->loadInNamespace('App\\Controllers\\SubCategoria')
 3 [internal function]: CodeIgniter\Autoloader\Autoloader->loadClass('App\\Controllers\\SubCategoria')
 4 SYSTEMPATH\CodeIgniter.php(900): class_exists('\\App\\Controllers\\SubCategoria', true)
 5 SYSTEMPATH\CodeIgniter.php(489): CodeIgniter\CodeIgniter->startController()
 6 SYSTEMPATH\CodeIgniter.php(361): CodeIgniter\CodeIgniter->handleRequest(null, Object(Config\Cache), false)
 7 FCPATH\index.php(79): CodeIgniter\CodeIgniter->run()
CRITICAL - 2023-11-01 23:17:35 --> Unclosed '{' on line 9
in APPPATH\Controllers\SubCategoria.php on line 94.
 1 SYSTEMPATH\Autoloader\Autoloader.php(291): CodeIgniter\Autoloader\Autoloader->includeFile('C:\\xampp\\htdocs\\turismo\\app\\Controllers\\SubCategoria.php')
 2 SYSTEMPATH\Autoloader\Autoloader.php(269): CodeIgniter\Autoloader\Autoloader->loadInNamespace('App\\Controllers\\SubCategoria')
 3 [internal function]: CodeIgniter\Autoloader\Autoloader->loadClass('App\\Controllers\\SubCategoria')
 4 SYSTEMPATH\CodeIgniter.php(900): class_exists('\\App\\Controllers\\SubCategoria', true)
 5 SYSTEMPATH\CodeIgniter.php(489): CodeIgniter\CodeIgniter->startController()
 6 SYSTEMPATH\CodeIgniter.php(361): CodeIgniter\CodeIgniter->handleRequest(null, Object(Config\Cache), false)
 7 FCPATH\index.php(79): CodeIgniter\CodeIgniter->run()
CRITICAL - 2023-11-01 23:18:01 --> Unclosed '{' on line 9
in APPPATH\Controllers\SubCategoria.php on line 94.
 1 SYSTEMPATH\Autoloader\Autoloader.php(291): CodeIgniter\Autoloader\Autoloader->includeFile('C:\\xampp\\htdocs\\turismo\\app\\Controllers\\SubCategoria.php')
 2 SYSTEMPATH\Autoloader\Autoloader.php(269): CodeIgniter\Autoloader\Autoloader->loadInNamespace('App\\Controllers\\SubCategoria')
 3 [internal function]: CodeIgniter\Autoloader\Autoloader->loadClass('App\\Controllers\\SubCategoria')
 4 SYSTEMPATH\CodeIgniter.php(900): class_exists('\\App\\Controllers\\SubCategoria', true)
 5 SYSTEMPATH\CodeIgniter.php(489): CodeIgniter\CodeIgniter->startController()
 6 SYSTEMPATH\CodeIgniter.php(361): CodeIgniter\CodeIgniter->handleRequest(null, Object(Config\Cache), false)
 7 FCPATH\index.php(79): CodeIgniter\CodeIgniter->run()
CRITICAL - 2023-11-01 23:18:13 --> Unclosed '{' on line 9
in APPPATH\Controllers\SubCategoria.php on line 94.
 1 SYSTEMPATH\Autoloader\Autoloader.php(291): CodeIgniter\Autoloader\Autoloader->includeFile('C:\\xampp\\htdocs\\turismo\\app\\Controllers\\SubCategoria.php')
 2 SYSTEMPATH\Autoloader\Autoloader.php(269): CodeIgniter\Autoloader\Autoloader->loadInNamespace('App\\Controllers\\SubCategoria')
 3 [internal function]: CodeIgniter\Autoloader\Autoloader->loadClass('App\\Controllers\\SubCategoria')
 4 SYSTEMPATH\CodeIgniter.php(900): class_exists('\\App\\Controllers\\SubCategoria', true)
 5 SYSTEMPATH\CodeIgniter.php(489): CodeIgniter\CodeIgniter->startController()
 6 SYSTEMPATH\CodeIgniter.php(361): CodeIgniter\CodeIgniter->handleRequest(null, Object(Config\Cache), false)
 7 FCPATH\index.php(79): CodeIgniter\CodeIgniter->run()
CRITICAL - 2023-11-01 23:18:46 --> Unclosed '{' on line 9
in APPPATH\Controllers\SubCategoria.php on line 94.
 1 SYSTEMPATH\Autoloader\Autoloader.php(291): CodeIgniter\Autoloader\Autoloader->includeFile('C:\\xampp\\htdocs\\turismo\\app\\Controllers\\SubCategoria.php')
 2 SYSTEMPATH\Autoloader\Autoloader.php(269): CodeIgniter\Autoloader\Autoloader->loadInNamespace('App\\Controllers\\SubCategoria')
 3 [internal function]: CodeIgniter\Autoloader\Autoloader->loadClass('App\\Controllers\\SubCategoria')
 4 SYSTEMPATH\CodeIgniter.php(900): class_exists('\\App\\Controllers\\SubCategoria', true)
 5 SYSTEMPATH\CodeIgniter.php(489): CodeIgniter\CodeIgniter->startController()
 6 SYSTEMPATH\CodeIgniter.php(361): CodeIgniter\CodeIgniter->handleRequest(null, Object(Config\Cache), false)
 7 FCPATH\index.php(79): CodeIgniter\CodeIgniter->run()
CRITICAL - 2023-11-01 23:19:22 --> App\Controllers\BaseController::sendResponse(): Argument #1 ($responseBody) must be of type array, string given, called in C:\xampp\htdocs\turismo\app\Controllers\SubCategoria.php on line 58
in APPPATH\Controllers\BaseController.php on line 68.
 1 APPPATH\Controllers\SubCategoria.php(58): App\Controllers\BaseController->sendResponse('Hola')
 2 SYSTEMPATH\CodeIgniter.php(942): App\Controllers\SubCategoria->updateSubCategoria('1')
 3 SYSTEMPATH\CodeIgniter.php(502): CodeIgniter\CodeIgniter->runController(Object(App\Controllers\SubCategoria))
 4 SYSTEMPATH\CodeIgniter.php(361): CodeIgniter\CodeIgniter->handleRequest(null, Object(Config\Cache), false)
 5 FCPATH\index.php(79): CodeIgniter\CodeIgniter->run()
CRITICAL - 2023-11-01 23:20:00 --> Class "App\Controllers\ResponseInterface" not found
in APPPATH\Controllers\SubCategoria.php on line 58.
 1 SYSTEMPATH\CodeIgniter.php(942): App\Controllers\SubCategoria->updateSubCategoria('1')
 2 SYSTEMPATH\CodeIgniter.php(502): CodeIgniter\CodeIgniter->runController(Object(App\Controllers\SubCategoria))
 3 SYSTEMPATH\CodeIgniter.php(361): CodeIgniter\CodeIgniter->handleRequest(null, Object(Config\Cache), false)
 4 FCPATH\index.php(79): CodeIgniter\CodeIgniter->run()
CRITICAL - 2023-11-01 23:20:45 --> Class "App\Controllers\ResponseInterface" not found
in APPPATH\Controllers\SubCategoria.php on line 58.
 1 SYSTEMPATH\CodeIgniter.php(942): App\Controllers\SubCategoria->updateSubCategoria('1')
 2 SYSTEMPATH\CodeIgniter.php(502): CodeIgniter\CodeIgniter->runController(Object(App\Controllers\SubCategoria))
 3 SYSTEMPATH\CodeIgniter.php(361): CodeIgniter\CodeIgniter->handleRequest(null, Object(Config\Cache), false)
 4 FCPATH\index.php(79): CodeIgniter\CodeIgniter->run()
CRITICAL - 2023-11-01 23:22:18 --> No existe SubCategoría con ID: 11111
in APPPATH\Models\subcategoria_model.php on line 23.
 1 APPPATH\Controllers\SubCategoria.php(60): App\Models\subcategoria_model->findById('11111')
 2 SYSTEMPATH\CodeIgniter.php(942): App\Controllers\SubCategoria->updateSubCategoria('11111')
 3 SYSTEMPATH\CodeIgniter.php(502): CodeIgniter\CodeIgniter->runController(Object(App\Controllers\SubCategoria))
 4 SYSTEMPATH\CodeIgniter.php(361): CodeIgniter\CodeIgniter->handleRequest(null, Object(Config\Cache), false)
 5 FCPATH\index.php(79): CodeIgniter\CodeIgniter->run()
CRITICAL - 2023-11-01 23:22:49 --> No existe SubCategoría con ID: 11111
in APPPATH\Models\subcategoria_model.php on line 23.
 1 APPPATH\Controllers\SubCategoria.php(60): App\Models\subcategoria_model->findById('11111')
 2 SYSTEMPATH\CodeIgniter.php(942): App\Controllers\SubCategoria->updateSubCategoria('11111')
 3 SYSTEMPATH\CodeIgniter.php(502): CodeIgniter\CodeIgniter->runController(Object(App\Controllers\SubCategoria))
 4 SYSTEMPATH\CodeIgniter.php(361): CodeIgniter\CodeIgniter->handleRequest(null, Object(Config\Cache), false)
 5 FCPATH\index.php(79): CodeIgniter\CodeIgniter->run()
CRITICAL - 2023-11-01 23:23:20 --> No existe SubCategoría con ID: 111111
in APPPATH\Models\subcategoria_model.php on line 23.
 1 APPPATH\Controllers\SubCategoria.php(60): App\Models\subcategoria_model->findById('111111')
 2 SYSTEMPATH\CodeIgniter.php(942): App\Controllers\SubCategoria->updateSubCategoria('111111')
 3 SYSTEMPATH\CodeIgniter.php(502): CodeIgniter\CodeIgniter->runController(Object(App\Controllers\SubCategoria))
 4 SYSTEMPATH\CodeIgniter.php(361): CodeIgniter\CodeIgniter->handleRequest(null, Object(Config\Cache), false)
 5 FCPATH\index.php(79): CodeIgniter\CodeIgniter->run()
CRITICAL - 2023-11-01 23:24:00 --> No existe SubCategoría con ID: 11111
in APPPATH\Models\subcategoria_model.php on line 23.
 1 APPPATH\Controllers\SubCategoria.php(60): App\Models\subcategoria_model->findById('11111')
 2 SYSTEMPATH\CodeIgniter.php(942): App\Controllers\SubCategoria->updateSubCategoria('11111')
 3 SYSTEMPATH\CodeIgniter.php(502): CodeIgniter\CodeIgniter->runController(Object(App\Controllers\SubCategoria))
 4 SYSTEMPATH\CodeIgniter.php(361): CodeIgniter\CodeIgniter->handleRequest(null, Object(Config\Cache), false)
 5 FCPATH\index.php(79): CodeIgniter\CodeIgniter->run()
CRITICAL - 2023-11-01 23:24:57 --> No existe SubCategoría con ID: 11111
in APPPATH\Models\subcategoria_model.php on line 23.
 1 APPPATH\Controllers\SubCategoria.php(60): App\Models\subcategoria_model->findById('11111')
 2 SYSTEMPATH\CodeIgniter.php(942): App\Controllers\SubCategoria->updateSubCategoria('11111')
 3 SYSTEMPATH\CodeIgniter.php(502): CodeIgniter\CodeIgniter->runController(Object(App\Controllers\SubCategoria))
 4 SYSTEMPATH\CodeIgniter.php(361): CodeIgniter\CodeIgniter->handleRequest(null, Object(Config\Cache), false)
 5 FCPATH\index.php(79): CodeIgniter\CodeIgniter->run()
CRITICAL - 2023-11-01 23:26:06 --> No existe SubCategoría con ID: 11111
in APPPATH\Models\subcategoria_model.php on line 23.
 1 APPPATH\Controllers\SubCategoria.php(60): App\Models\subcategoria_model->findById('11111')
 2 SYSTEMPATH\CodeIgniter.php(942): App\Controllers\SubCategoria->updateSubCategoria('11111')
 3 SYSTEMPATH\CodeIgniter.php(502): CodeIgniter\CodeIgniter->runController(Object(App\Controllers\SubCategoria))
 4 SYSTEMPATH\CodeIgniter.php(361): CodeIgniter\CodeIgniter->handleRequest(null, Object(Config\Cache), false)
 5 FCPATH\index.php(79): CodeIgniter\CodeIgniter->run()
CRITICAL - 2023-11-01 23:26:08 --> No existe SubCategoría con ID: 11111
in APPPATH\Models\subcategoria_model.php on line 23.
 1 APPPATH\Controllers\SubCategoria.php(60): App\Models\subcategoria_model->findById('11111')
 2 SYSTEMPATH\CodeIgniter.php(942): App\Controllers\SubCategoria->updateSubCategoria('11111')
 3 SYSTEMPATH\CodeIgniter.php(502): CodeIgniter\CodeIgniter->runController(Object(App\Controllers\SubCategoria))
 4 SYSTEMPATH\CodeIgniter.php(361): CodeIgniter\CodeIgniter->handleRequest(null, Object(Config\Cache), false)
 5 FCPATH\index.php(79): CodeIgniter\CodeIgniter->run()
CRITICAL - 2023-11-01 23:26:17 --> No existe SubCategoría con ID: 11111
in APPPATH\Models\subcategoria_model.php on line 23.
 1 APPPATH\Controllers\SubCategoria.php(60): App\Models\subcategoria_model->findById('11111')
 2 SYSTEMPATH\CodeIgniter.php(942): App\Controllers\SubCategoria->updateSubCategoria('11111')
 3 SYSTEMPATH\CodeIgniter.php(502): CodeIgniter\CodeIgniter->runController(Object(App\Controllers\SubCategoria))
 4 SYSTEMPATH\CodeIgniter.php(361): CodeIgniter\CodeIgniter->handleRequest(null, Object(Config\Cache), false)
 5 FCPATH\index.php(79): CodeIgniter\CodeIgniter->run()
CRITICAL - 2023-11-01 23:27:03 --> No existe SubCategoría con ID: 11111
in APPPATH\Models\subcategoria_model.php on line 23.
 1 APPPATH\Controllers\SubCategoria.php(60): App\Models\subcategoria_model->findById('11111')
 2 SYSTEMPATH\CodeIgniter.php(942): App\Controllers\SubCategoria->updateSubCategoria('11111')
 3 SYSTEMPATH\CodeIgniter.php(502): CodeIgniter\CodeIgniter->runController(Object(App\Controllers\SubCategoria))
 4 SYSTEMPATH\CodeIgniter.php(361): CodeIgniter\CodeIgniter->handleRequest(null, Object(Config\Cache), false)
 5 FCPATH\index.php(79): CodeIgniter\CodeIgniter->run()
CRITICAL - 2023-11-01 23:27:10 --> No existe SubCategoría con ID: 111111
in APPPATH\Models\subcategoria_model.php on line 23.
 1 APPPATH\Controllers\SubCategoria.php(60): App\Models\subcategoria_model->findById('111111')
 2 SYSTEMPATH\CodeIgniter.php(942): App\Controllers\SubCategoria->updateSubCategoria('111111')
 3 SYSTEMPATH\CodeIgniter.php(502): CodeIgniter\CodeIgniter->runController(Object(App\Controllers\SubCategoria))
 4 SYSTEMPATH\CodeIgniter.php(361): CodeIgniter\CodeIgniter->handleRequest(null, Object(Config\Cache), false)
 5 FCPATH\index.php(79): CodeIgniter\CodeIgniter->run()
CRITICAL - 2023-11-01 23:28:59 --> Undefined constant "App\Controllers\subc"
in APPPATH\Controllers\SubCategoria.php on line 60.
 1 SYSTEMPATH\CodeIgniter.php(942): App\Controllers\SubCategoria->updateSubCategoria('11111')
 2 SYSTEMPATH\CodeIgniter.php(502): CodeIgniter\CodeIgniter->runController(Object(App\Controllers\SubCategoria))
 3 SYSTEMPATH\CodeIgniter.php(361): CodeIgniter\CodeIgniter->handleRequest(null, Object(Config\Cache), false)
 4 FCPATH\index.php(79): CodeIgniter\CodeIgniter->run()
CRITICAL - 2023-11-01 23:29:04 --> Undefined constant "App\Controllers\subc"
in APPPATH\Controllers\SubCategoria.php on line 60.
 1 SYSTEMPATH\CodeIgniter.php(942): App\Controllers\SubCategoria->updateSubCategoria('111111')
 2 SYSTEMPATH\CodeIgniter.php(502): CodeIgniter\CodeIgniter->runController(Object(App\Controllers\SubCategoria))
 3 SYSTEMPATH\CodeIgniter.php(361): CodeIgniter\CodeIgniter->handleRequest(null, Object(Config\Cache), false)
 4 FCPATH\index.php(79): CodeIgniter\CodeIgniter->run()
CRITICAL - 2023-11-01 23:30:58 --> Call to undefined method App\Controllers\SubCategoria::getErrorsAsArray()
in APPPATH\Controllers\SubCategoria.php on line 76.
 1 SYSTEMPATH\CodeIgniter.php(942): App\Controllers\SubCategoria->updateSubCategoria('1')
 2 SYSTEMPATH\CodeIgniter.php(502): CodeIgniter\CodeIgniter->runController(Object(App\Controllers\SubCategoria))
 3 SYSTEMPATH\CodeIgniter.php(361): CodeIgniter\CodeIgniter->handleRequest(null, Object(Config\Cache), false)
 4 FCPATH\index.php(79): CodeIgniter\CodeIgniter->run()
