CRITICAL - 2024-03-09 14:31:02 --> Call to undefined method App\Models\producto_model::execQuery
in SYSTEMPATH\Model.php on line 873.
 1 APPPATH\Models\producto_model.php(37): CodeIgniter\Model->__call('execQuery', [...])
 2 APPPATH\Controllers\Producto.php(24): App\Models\producto_model->getListadoGrid('0', '0')
 3 SYSTEMPATH\CodeIgniter.php(942): App\Controllers\Producto->viewProductosGrid('0', '0', '1')
 4 SYSTEMPATH\CodeIgniter.php(502): CodeIgniter\CodeIgniter->runController(Object(App\Controllers\Producto))
 5 SYSTEMPATH\CodeIgniter.php(361): CodeIgniter\CodeIgniter->handleRequest(null, Object(Config\Cache), false)
 6 FCPATH\index.php(79): CodeIgniter\CodeIgniter->run()
CRITICAL - 2024-03-09 14:31:53 --> Invalid file: "producto/grid_public.php"
in SYSTEMPATH\Exceptions\FrameworkException.php on line 39.
 1 SYSTEMPATH\View\View.php(216): CodeIgniter\Exceptions\FrameworkException::forInvalidFile('producto/grid_public.php')
 2 SYSTEMPATH\Common.php(1190): CodeIgniter\View\View->render('producto/grid_public', [], true)
 3 APPPATH\Controllers\Producto.php(26): view('producto/grid_public', [...])
 4 SYSTEMPATH\CodeIgniter.php(942): App\Controllers\Producto->viewProductosGrid('0', '0', '1')
 5 SYSTEMPATH\CodeIgniter.php(502): CodeIgniter\CodeIgniter->runController(Object(App\Controllers\Producto))
 6 SYSTEMPATH\CodeIgniter.php(361): CodeIgniter\CodeIgniter->handleRequest(null, Object(Config\Cache), false)
 7 FCPATH\index.php(79): CodeIgniter\CodeIgniter->run()
CRITICAL - 2024-03-09 14:33:45 --> Undefined array key "subcategoria"
in APPPATH\Views\producto\grid.php on line 39.
 1 APPPATH\Views\producto\grid.php(39): CodeIgniter\Debug\Exceptions->errorHandler(2, 'Undefined array key "subcategoria"', 'C:\\xampp\\htdocs\\tienda\\app\\Views\\producto\\grid.php', 39)
 2 SYSTEMPATH\View\View.php(228): include('C:\\xampp\\htdocs\\tienda\\app\\Views\\producto\\grid.php')
 3 SYSTEMPATH\View\View.php(231): CodeIgniter\View\View->CodeIgniter\View\{closure}()
 4 SYSTEMPATH\Common.php(1190): CodeIgniter\View\View->render('producto/grid', [], true)
 5 APPPATH\Controllers\Producto.php(26): view('producto/grid', [...])
 6 SYSTEMPATH\CodeIgniter.php(942): App\Controllers\Producto->viewProductosGrid('0', '0', '1')
 7 SYSTEMPATH\CodeIgniter.php(502): CodeIgniter\CodeIgniter->runController(Object(App\Controllers\Producto))
 8 SYSTEMPATH\CodeIgniter.php(361): CodeIgniter\CodeIgniter->handleRequest(null, Object(Config\Cache), false)
 9 FCPATH\index.php(79): CodeIgniter\CodeIgniter->run()
CRITICAL - 2024-03-09 14:34:03 --> Undefined array key "marca_id"
in APPPATH\Views\producto\grid.php on line 39.
 1 APPPATH\Views\producto\grid.php(39): CodeIgniter\Debug\Exceptions->errorHandler(2, 'Undefined array key "marca_id"', 'C:\\xampp\\htdocs\\tienda\\app\\Views\\producto\\grid.php', 39)
 2 SYSTEMPATH\View\View.php(228): include('C:\\xampp\\htdocs\\tienda\\app\\Views\\producto\\grid.php')
 3 SYSTEMPATH\View\View.php(231): CodeIgniter\View\View->CodeIgniter\View\{closure}()
 4 SYSTEMPATH\Common.php(1190): CodeIgniter\View\View->render('producto/grid', [], true)
 5 APPPATH\Controllers\Producto.php(26): view('producto/grid', [...])
 6 SYSTEMPATH\CodeIgniter.php(942): App\Controllers\Producto->viewProductosGrid('0', '0', '1')
 7 SYSTEMPATH\CodeIgniter.php(502): CodeIgniter\CodeIgniter->runController(Object(App\Controllers\Producto))
 8 SYSTEMPATH\CodeIgniter.php(361): CodeIgniter\CodeIgniter->handleRequest(null, Object(Config\Cache), false)
 9 FCPATH\index.php(79): CodeIgniter\CodeIgniter->run()
CRITICAL - 2024-03-09 14:34:10 --> Undefined array key "id_marca"
in APPPATH\Views\producto\grid.php on line 39.
 1 APPPATH\Views\producto\grid.php(39): CodeIgniter\Debug\Exceptions->errorHandler(2, 'Undefined array key "id_marca"', 'C:\\xampp\\htdocs\\tienda\\app\\Views\\producto\\grid.php', 39)
 2 SYSTEMPATH\View\View.php(228): include('C:\\xampp\\htdocs\\tienda\\app\\Views\\producto\\grid.php')
 3 SYSTEMPATH\View\View.php(231): CodeIgniter\View\View->CodeIgniter\View\{closure}()
 4 SYSTEMPATH\Common.php(1190): CodeIgniter\View\View->render('producto/grid', [], true)
 5 APPPATH\Controllers\Producto.php(26): view('producto/grid', [...])
 6 SYSTEMPATH\CodeIgniter.php(942): App\Controllers\Producto->viewProductosGrid('0', '0', '1')
 7 SYSTEMPATH\CodeIgniter.php(502): CodeIgniter\CodeIgniter->runController(Object(App\Controllers\Producto))
 8 SYSTEMPATH\CodeIgniter.php(361): CodeIgniter\CodeIgniter->handleRequest(null, Object(Config\Cache), false)
 9 FCPATH\index.php(79): CodeIgniter\CodeIgniter->run()
CRITICAL - 2024-03-09 14:34:21 --> Undefined array key "marca_id"
in APPPATH\Views\producto\grid.php on line 68.
 1 APPPATH\Views\producto\grid.php(68): CodeIgniter\Debug\Exceptions->errorHandler(2, 'Undefined array key "marca_id"', 'C:\\xampp\\htdocs\\tienda\\app\\Views\\producto\\grid.php', 68)
 2 SYSTEMPATH\View\View.php(228): include('C:\\xampp\\htdocs\\tienda\\app\\Views\\producto\\grid.php')
 3 SYSTEMPATH\View\View.php(231): CodeIgniter\View\View->CodeIgniter\View\{closure}()
 4 SYSTEMPATH\Common.php(1190): CodeIgniter\View\View->render('producto/grid', [], true)
 5 APPPATH\Controllers\Producto.php(26): view('producto/grid', [...])
 6 SYSTEMPATH\CodeIgniter.php(942): App\Controllers\Producto->viewProductosGrid('0', '0', '1')
 7 SYSTEMPATH\CodeIgniter.php(502): CodeIgniter\CodeIgniter->runController(Object(App\Controllers\Producto))
 8 SYSTEMPATH\CodeIgniter.php(361): CodeIgniter\CodeIgniter->handleRequest(null, Object(Config\Cache), false)
 9 FCPATH\index.php(79): CodeIgniter\CodeIgniter->run()
CRITICAL - 2024-03-09 15:43:08 --> Cannot redeclare App\Controllers\Carrito::addProducto()
in APPPATH\Controllers\Carrito.php on line 45.
 1 [internal function]: CodeIgniter\Debug\Exceptions->shutdownHandler()
CRITICAL - 2024-03-09 15:43:38 --> Undefined property: App\Controllers\Carrito::$session
in APPPATH\Controllers\Carrito.php on line 53.
 1 APPPATH\Controllers\Carrito.php(53): CodeIgniter\Debug\Exceptions->errorHandler(2, 'Undefined property: App\\Controllers\\Carrito::$session', 'C:\\xampp\\htdocs\\tienda\\app\\Controllers\\Carrito.php', 53)
 2 SYSTEMPATH\CodeIgniter.php(942): App\Controllers\Carrito->addProducto('1')
 3 SYSTEMPATH\CodeIgniter.php(502): CodeIgniter\CodeIgniter->runController(Object(App\Controllers\Carrito))
 4 SYSTEMPATH\CodeIgniter.php(361): CodeIgniter\CodeIgniter->handleRequest(null, Object(Config\Cache), false)
 5 FCPATH\index.php(79): CodeIgniter\CodeIgniter->run()
CRITICAL - 2024-03-09 15:43:49 --> Undefined property: App\Controllers\Carrito::$session
in APPPATH\Controllers\Carrito.php on line 53.
 1 APPPATH\Controllers\Carrito.php(53): CodeIgniter\Debug\Exceptions->errorHandler(2, 'Undefined property: App\\Controllers\\Carrito::$session', 'C:\\xampp\\htdocs\\tienda\\app\\Controllers\\Carrito.php', 53)
 2 SYSTEMPATH\CodeIgniter.php(942): App\Controllers\Carrito->addProducto('1')
 3 SYSTEMPATH\CodeIgniter.php(502): CodeIgniter\CodeIgniter->runController(Object(App\Controllers\Carrito))
 4 SYSTEMPATH\CodeIgniter.php(361): CodeIgniter\CodeIgniter->handleRequest(null, Object(Config\Cache), false)
 5 FCPATH\index.php(79): CodeIgniter\CodeIgniter->run()
CRITICAL - 2024-03-09 16:07:38 --> Cannot use a scalar value as an array
in APPPATH\Controllers\Carrito.php on line 76.
 1 SYSTEMPATH\CodeIgniter.php(942): App\Controllers\Carrito->addProducto('1')
 2 SYSTEMPATH\CodeIgniter.php(502): CodeIgniter\CodeIgniter->runController(Object(App\Controllers\Carrito))
 3 SYSTEMPATH\CodeIgniter.php(361): CodeIgniter\CodeIgniter->handleRequest(null, Object(Config\Cache), false)
 4 FCPATH\index.php(79): CodeIgniter\CodeIgniter->run()
CRITICAL - 2024-03-09 16:08:13 --> Cannot use a scalar value as an array
in APPPATH\Controllers\Carrito.php on line 76.
 1 SYSTEMPATH\CodeIgniter.php(942): App\Controllers\Carrito->addProducto('1')
 2 SYSTEMPATH\CodeIgniter.php(502): CodeIgniter\CodeIgniter->runController(Object(App\Controllers\Carrito))
 3 SYSTEMPATH\CodeIgniter.php(361): CodeIgniter\CodeIgniter->handleRequest(null, Object(Config\Cache), false)
 4 FCPATH\index.php(79): CodeIgniter\CodeIgniter->run()
CRITICAL - 2024-03-09 16:13:27 --> Cannot use a scalar value as an array
in APPPATH\Controllers\Carrito.php on line 76.
 1 SYSTEMPATH\CodeIgniter.php(942): App\Controllers\Carrito->addProducto('1')
 2 SYSTEMPATH\CodeIgniter.php(502): CodeIgniter\CodeIgniter->runController(Object(App\Controllers\Carrito))
 3 SYSTEMPATH\CodeIgniter.php(361): CodeIgniter\CodeIgniter->handleRequest(null, Object(Config\Cache), false)
 4 FCPATH\index.php(79): CodeIgniter\CodeIgniter->run()
CRITICAL - 2024-03-09 16:13:29 --> Cannot use a scalar value as an array
in APPPATH\Controllers\Carrito.php on line 76.
 1 SYSTEMPATH\CodeIgniter.php(942): App\Controllers\Carrito->addProducto('1')
 2 SYSTEMPATH\CodeIgniter.php(502): CodeIgniter\CodeIgniter->runController(Object(App\Controllers\Carrito))
 3 SYSTEMPATH\CodeIgniter.php(361): CodeIgniter\CodeIgniter->handleRequest(null, Object(Config\Cache), false)
 4 FCPATH\index.php(79): CodeIgniter\CodeIgniter->run()
CRITICAL - 2024-03-09 16:13:50 --> Attempt to increment/decrement property "cantidad" on int
in APPPATH\Controllers\Carrito.php on line 76.
 1 SYSTEMPATH\CodeIgniter.php(942): App\Controllers\Carrito->addProducto('1')
 2 SYSTEMPATH\CodeIgniter.php(502): CodeIgniter\CodeIgniter->runController(Object(App\Controllers\Carrito))
 3 SYSTEMPATH\CodeIgniter.php(361): CodeIgniter\CodeIgniter->handleRequest(null, Object(Config\Cache), false)
 4 FCPATH\index.php(79): CodeIgniter\CodeIgniter->run()
CRITICAL - 2024-03-09 16:14:14 --> Attempt to read property "cantidad" on int
in APPPATH\Controllers\Carrito.php on line 76.
 1 APPPATH\Controllers\Carrito.php(76): CodeIgniter\Debug\Exceptions->errorHandler(2, 'Attempt to read property "cantidad" on int', 'C:\\xampp\\htdocs\\tienda\\app\\Controllers\\Carrito.php', 76)
 2 SYSTEMPATH\CodeIgniter.php(942): App\Controllers\Carrito->addProducto('1')
 3 SYSTEMPATH\CodeIgniter.php(502): CodeIgniter\CodeIgniter->runController(Object(App\Controllers\Carrito))
 4 SYSTEMPATH\CodeIgniter.php(361): CodeIgniter\CodeIgniter->handleRequest(null, Object(Config\Cache), false)
 5 FCPATH\index.php(79): CodeIgniter\CodeIgniter->run()
CRITICAL - 2024-03-09 16:15:52 --> Attempt to read property "cantidad" on array
in APPPATH\Controllers\Carrito.php on line 76.
 1 APPPATH\Controllers\Carrito.php(76): CodeIgniter\Debug\Exceptions->errorHandler(2, 'Attempt to read property "cantidad" on array', 'C:\\xampp\\htdocs\\tienda\\app\\Controllers\\Carrito.php', 76)
 2 SYSTEMPATH\CodeIgniter.php(942): App\Controllers\Carrito->addProducto('30')
 3 SYSTEMPATH\CodeIgniter.php(502): CodeIgniter\CodeIgniter->runController(Object(App\Controllers\Carrito))
 4 SYSTEMPATH\CodeIgniter.php(361): CodeIgniter\CodeIgniter->handleRequest(null, Object(Config\Cache), false)
 5 FCPATH\index.php(79): CodeIgniter\CodeIgniter->run()
CRITICAL - 2024-03-09 16:28:02 --> Cannot use object of type CodeIgniter\Session\Session as array
in APPPATH\Controllers\Carrito.php on line 105.
 1 SYSTEMPATH\CodeIgniter.php(942): App\Controllers\Carrito->getCountNotifications()
 2 SYSTEMPATH\CodeIgniter.php(502): CodeIgniter\CodeIgniter->runController(Object(App\Controllers\Carrito))
 3 SYSTEMPATH\CodeIgniter.php(361): CodeIgniter\CodeIgniter->handleRequest(null, Object(Config\Cache), false)
 4 FCPATH\index.php(79): CodeIgniter\CodeIgniter->run()
CRITICAL - 2024-03-09 16:57:03 --> syntax error, unexpected token "else"
in APPPATH\Controllers\Carrito.php on line 18.
 1 SYSTEMPATH\Autoloader\Autoloader.php(291): CodeIgniter\Autoloader\Autoloader->includeFile('C:\\xampp\\htdocs\\tienda\\app\\Controllers\\Carrito.php')
 2 SYSTEMPATH\Autoloader\Autoloader.php(269): CodeIgniter\Autoloader\Autoloader->loadInNamespace('App\\Controllers\\Carrito')
 3 [internal function]: CodeIgniter\Autoloader\Autoloader->loadClass('App\\Controllers\\Carrito')
 4 SYSTEMPATH\CodeIgniter.php(900): class_exists('\\App\\Controllers\\Carrito', true)
 5 SYSTEMPATH\CodeIgniter.php(489): CodeIgniter\CodeIgniter->startController()
 6 SYSTEMPATH\CodeIgniter.php(361): CodeIgniter\CodeIgniter->handleRequest(null, Object(Config\Cache), false)
 7 FCPATH\index.php(79): CodeIgniter\CodeIgniter->run()
CRITICAL - 2024-03-09 16:57:16 --> Undefined variable $data
in APPPATH\Views\producto\listitemcarts.php on line 3.
 1 APPPATH\Views\producto\listitemcarts.php(3): CodeIgniter\Debug\Exceptions->errorHandler(2, 'Undefined variable $data', 'C:\\xampp\\htdocs\\tienda\\app\\Views\\producto\\listitemcarts.php', 3)
 2 SYSTEMPATH\View\View.php(228): include('C:\\xampp\\htdocs\\tienda\\app\\Views\\producto\\listitemcarts.php')
 3 SYSTEMPATH\View\View.php(231): CodeIgniter\View\View->CodeIgniter\View\{closure}()
 4 SYSTEMPATH\Common.php(1190): CodeIgniter\View\View->render('producto/listitemcarts', [], true)
 5 APPPATH\Controllers\Carrito.php(17): view('producto/listitemcarts', [...])
 6 SYSTEMPATH\CodeIgniter.php(942): App\Controllers\Carrito->viewProductosGrid()
 7 SYSTEMPATH\CodeIgniter.php(502): CodeIgniter\CodeIgniter->runController(Object(App\Controllers\Carrito))
 8 SYSTEMPATH\CodeIgniter.php(361): CodeIgniter\CodeIgniter->handleRequest(null, Object(Config\Cache), false)
 9 FCPATH\index.php(79): CodeIgniter\CodeIgniter->run()
CRITICAL - 2024-03-09 16:58:03 --> Undefined array key "categoria"
in APPPATH\Views\producto\listitemcarts.php on line 11.
 1 APPPATH\Views\producto\listitemcarts.php(11): CodeIgniter\Debug\Exceptions->errorHandler(2, 'Undefined array key "categoria"', 'C:\\xampp\\htdocs\\tienda\\app\\Views\\producto\\listitemcarts.php', 11)
 2 SYSTEMPATH\View\View.php(228): include('C:\\xampp\\htdocs\\tienda\\app\\Views\\producto\\listitemcarts.php')
 3 SYSTEMPATH\View\View.php(231): CodeIgniter\View\View->CodeIgniter\View\{closure}()
 4 SYSTEMPATH\Common.php(1190): CodeIgniter\View\View->render('producto/listitemcarts', [], true)
 5 APPPATH\Controllers\Carrito.php(17): view('producto/listitemcarts', [...])
 6 SYSTEMPATH\CodeIgniter.php(942): App\Controllers\Carrito->viewProductosGrid()
 7 SYSTEMPATH\CodeIgniter.php(502): CodeIgniter\CodeIgniter->runController(Object(App\Controllers\Carrito))
 8 SYSTEMPATH\CodeIgniter.php(361): CodeIgniter\CodeIgniter->handleRequest(null, Object(Config\Cache), false)
 9 FCPATH\index.php(79): CodeIgniter\CodeIgniter->run()
CRITICAL - 2024-03-09 16:58:37 --> Undefined array key "categoria"
in APPPATH\Controllers\Carrito.php on line 67.
 1 APPPATH\Controllers\Carrito.php(67): CodeIgniter\Debug\Exceptions->errorHandler(2, 'Undefined array key "categoria"', 'C:\\xampp\\htdocs\\tienda\\app\\Controllers\\Carrito.php', 67)
 2 SYSTEMPATH\CodeIgniter.php(942): App\Controllers\Carrito->addProducto('3')
 3 SYSTEMPATH\CodeIgniter.php(502): CodeIgniter\CodeIgniter->runController(Object(App\Controllers\Carrito))
 4 SYSTEMPATH\CodeIgniter.php(361): CodeIgniter\CodeIgniter->handleRequest(null, Object(Config\Cache), false)
 5 FCPATH\index.php(79): CodeIgniter\CodeIgniter->run()
CRITICAL - 2024-03-09 16:58:37 --> Undefined array key "categoria"
in APPPATH\Controllers\Carrito.php on line 67.
 1 APPPATH\Controllers\Carrito.php(67): CodeIgniter\Debug\Exceptions->errorHandler(2, 'Undefined array key "categoria"', 'C:\\xampp\\htdocs\\tienda\\app\\Controllers\\Carrito.php', 67)
 2 SYSTEMPATH\CodeIgniter.php(942): App\Controllers\Carrito->addProducto('3')
 3 SYSTEMPATH\CodeIgniter.php(502): CodeIgniter\CodeIgniter->runController(Object(App\Controllers\Carrito))
 4 SYSTEMPATH\CodeIgniter.php(361): CodeIgniter\CodeIgniter->handleRequest(null, Object(Config\Cache), false)
 5 FCPATH\index.php(79): CodeIgniter\CodeIgniter->run()
CRITICAL - 2024-03-09 17:00:48 --> Undefined array key "idcategoria"
in APPPATH\Views\producto\listitemcarts.php on line 11.
 1 APPPATH\Views\producto\listitemcarts.php(11): CodeIgniter\Debug\Exceptions->errorHandler(2, 'Undefined array key "idcategoria"', 'C:\\xampp\\htdocs\\tienda\\app\\Views\\producto\\listitemcarts.php', 11)
 2 SYSTEMPATH\View\View.php(228): include('C:\\xampp\\htdocs\\tienda\\app\\Views\\producto\\listitemcarts.php')
 3 SYSTEMPATH\View\View.php(231): CodeIgniter\View\View->CodeIgniter\View\{closure}()
 4 SYSTEMPATH\Common.php(1190): CodeIgniter\View\View->render('producto/listitemcarts', [], true)
 5 APPPATH\Controllers\Carrito.php(17): view('producto/listitemcarts', [...])
 6 SYSTEMPATH\CodeIgniter.php(942): App\Controllers\Carrito->viewProductosGrid()
 7 SYSTEMPATH\CodeIgniter.php(502): CodeIgniter\CodeIgniter->runController(Object(App\Controllers\Carrito))
 8 SYSTEMPATH\CodeIgniter.php(361): CodeIgniter\CodeIgniter->handleRequest(null, Object(Config\Cache), false)
 9 FCPATH\index.php(79): CodeIgniter\CodeIgniter->run()
CRITICAL - 2024-03-09 23:00:42 --> Undefined array key "descripcion"
in APPPATH\Controllers\Carrito.php on line 66.
 1 APPPATH\Controllers\Carrito.php(66): CodeIgniter\Debug\Exceptions->errorHandler(2, 'Undefined array key "descripcion"', 'C:\\xampp\\htdocs\\tienda\\app\\Controllers\\Carrito.php', 66)
 2 SYSTEMPATH\CodeIgniter.php(942): App\Controllers\Carrito->addProducto('30')
 3 SYSTEMPATH\CodeIgniter.php(502): CodeIgniter\CodeIgniter->runController(Object(App\Controllers\Carrito))
 4 SYSTEMPATH\CodeIgniter.php(361): CodeIgniter\CodeIgniter->handleRequest(null, Object(Config\Cache), false)
 5 FCPATH\index.php(79): CodeIgniter\CodeIgniter->run()
CRITICAL - 2024-03-09 23:06:37 --> Undefined array key "idcategoria"
in APPPATH\Views\producto\listitemcarts.php on line 11.
 1 APPPATH\Views\producto\listitemcarts.php(11): CodeIgniter\Debug\Exceptions->errorHandler(2, 'Undefined array key "idcategoria"', 'C:\\xampp\\htdocs\\tienda\\app\\Views\\producto\\listitemcarts.php', 11)
 2 SYSTEMPATH\View\View.php(228): include('C:\\xampp\\htdocs\\tienda\\app\\Views\\producto\\listitemcarts.php')
 3 SYSTEMPATH\View\View.php(231): CodeIgniter\View\View->CodeIgniter\View\{closure}()
 4 SYSTEMPATH\Common.php(1190): CodeIgniter\View\View->render('producto/listitemcarts', [], true)
 5 APPPATH\Controllers\Carrito.php(17): view('producto/listitemcarts', [...])
 6 SYSTEMPATH\CodeIgniter.php(942): App\Controllers\Carrito->viewProductosGrid()
 7 SYSTEMPATH\CodeIgniter.php(502): CodeIgniter\CodeIgniter->runController(Object(App\Controllers\Carrito))
 8 SYSTEMPATH\CodeIgniter.php(361): CodeIgniter\CodeIgniter->handleRequest(null, Object(Config\Cache), false)
 9 FCPATH\index.php(79): CodeIgniter\CodeIgniter->run()
CRITICAL - 2024-03-09 23:07:07 --> Unsupported operand types: array + string
in APPPATH\Views\producto\listitemcarts.php on line 16.
 1 SYSTEMPATH\View\View.php(228): include()
 2 SYSTEMPATH\View\View.php(231): CodeIgniter\View\View->CodeIgniter\View\{closure}()
 3 SYSTEMPATH\Common.php(1190): CodeIgniter\View\View->render('producto/listitemcarts', [], true)
 4 APPPATH\Controllers\Carrito.php(17): view('producto/listitemcarts', [...])
 5 SYSTEMPATH\CodeIgniter.php(942): App\Controllers\Carrito->viewProductosGrid()
 6 SYSTEMPATH\CodeIgniter.php(502): CodeIgniter\CodeIgniter->runController(Object(App\Controllers\Carrito))
 7 SYSTEMPATH\CodeIgniter.php(361): CodeIgniter\CodeIgniter->handleRequest(null, Object(Config\Cache), false)
 8 FCPATH\index.php(79): CodeIgniter\CodeIgniter->run()
CRITICAL - 2024-03-09 23:07:17 --> Array to string conversion
in APPPATH\Views\producto\listitemcarts.php on line 16.
 1 APPPATH\Views\producto\listitemcarts.php(16): CodeIgniter\Debug\Exceptions->errorHandler(2, 'Array to string conversion', 'C:\\xampp\\htdocs\\tienda\\app\\Views\\producto\\listitemcarts.php', 16)
 2 SYSTEMPATH\View\View.php(228): include('C:\\xampp\\htdocs\\tienda\\app\\Views\\producto\\listitemcarts.php')
 3 SYSTEMPATH\View\View.php(231): CodeIgniter\View\View->CodeIgniter\View\{closure}()
 4 SYSTEMPATH\Common.php(1190): CodeIgniter\View\View->render('producto/listitemcarts', [], true)
 5 APPPATH\Controllers\Carrito.php(17): view('producto/listitemcarts', [...])
 6 SYSTEMPATH\CodeIgniter.php(942): App\Controllers\Carrito->viewProductosGrid()
 7 SYSTEMPATH\CodeIgniter.php(502): CodeIgniter\CodeIgniter->runController(Object(App\Controllers\Carrito))
 8 SYSTEMPATH\CodeIgniter.php(361): CodeIgniter\CodeIgniter->handleRequest(null, Object(Config\Cache), false)
 9 FCPATH\index.php(79): CodeIgniter\CodeIgniter->run()
CRITICAL - 2024-03-09 23:07:26 --> Array to string conversion
in APPPATH\Views\producto\listitemcarts.php on line 16.
 1 APPPATH\Views\producto\listitemcarts.php(16): CodeIgniter\Debug\Exceptions->errorHandler(2, 'Array to string conversion', 'C:\\xampp\\htdocs\\tienda\\app\\Views\\producto\\listitemcarts.php', 16)
 2 SYSTEMPATH\View\View.php(228): include('C:\\xampp\\htdocs\\tienda\\app\\Views\\producto\\listitemcarts.php')
 3 SYSTEMPATH\View\View.php(231): CodeIgniter\View\View->CodeIgniter\View\{closure}()
 4 SYSTEMPATH\Common.php(1190): CodeIgniter\View\View->render('producto/listitemcarts', [], true)
 5 APPPATH\Controllers\Carrito.php(17): view('producto/listitemcarts', [...])
 6 SYSTEMPATH\CodeIgniter.php(942): App\Controllers\Carrito->viewProductosGrid()
 7 SYSTEMPATH\CodeIgniter.php(502): CodeIgniter\CodeIgniter->runController(Object(App\Controllers\Carrito))
 8 SYSTEMPATH\CodeIgniter.php(361): CodeIgniter\CodeIgniter->handleRequest(null, Object(Config\Cache), false)
 9 FCPATH\index.php(79): CodeIgniter\CodeIgniter->run()
CRITICAL - 2024-03-09 23:07:38 --> Undefined array key 0
in APPPATH\Views\producto\listitemcarts.php on line 16.
 1 APPPATH\Views\producto\listitemcarts.php(16): CodeIgniter\Debug\Exceptions->errorHandler(2, 'Undefined array key 0', 'C:\\xampp\\htdocs\\tienda\\app\\Views\\producto\\listitemcarts.php', 16)
 2 SYSTEMPATH\View\View.php(228): include('C:\\xampp\\htdocs\\tienda\\app\\Views\\producto\\listitemcarts.php')
 3 SYSTEMPATH\View\View.php(231): CodeIgniter\View\View->CodeIgniter\View\{closure}()
 4 SYSTEMPATH\Common.php(1190): CodeIgniter\View\View->render('producto/listitemcarts', [], true)
 5 APPPATH\Controllers\Carrito.php(17): view('producto/listitemcarts', [...])
 6 SYSTEMPATH\CodeIgniter.php(942): App\Controllers\Carrito->viewProductosGrid()
 7 SYSTEMPATH\CodeIgniter.php(502): CodeIgniter\CodeIgniter->runController(Object(App\Controllers\Carrito))
 8 SYSTEMPATH\CodeIgniter.php(361): CodeIgniter\CodeIgniter->handleRequest(null, Object(Config\Cache), false)
 9 FCPATH\index.php(79): CodeIgniter\CodeIgniter->run()
CRITICAL - 2024-03-09 23:08:02 --> Undefined array key 3
in APPPATH\Views\producto\listitemcarts.php on line 16.
 1 APPPATH\Views\producto\listitemcarts.php(16): CodeIgniter\Debug\Exceptions->errorHandler(2, 'Undefined array key 3', 'C:\\xampp\\htdocs\\tienda\\app\\Views\\producto\\listitemcarts.php', 16)
 2 SYSTEMPATH\View\View.php(228): include('C:\\xampp\\htdocs\\tienda\\app\\Views\\producto\\listitemcarts.php')
 3 SYSTEMPATH\View\View.php(231): CodeIgniter\View\View->CodeIgniter\View\{closure}()
 4 SYSTEMPATH\Common.php(1190): CodeIgniter\View\View->render('producto/listitemcarts', [], true)
 5 APPPATH\Controllers\Carrito.php(17): view('producto/listitemcarts', [...])
 6 SYSTEMPATH\CodeIgniter.php(942): App\Controllers\Carrito->viewProductosGrid()
 7 SYSTEMPATH\CodeIgniter.php(502): CodeIgniter\CodeIgniter->runController(Object(App\Controllers\Carrito))
 8 SYSTEMPATH\CodeIgniter.php(361): CodeIgniter\CodeIgniter->handleRequest(null, Object(Config\Cache), false)
 9 FCPATH\index.php(79): CodeIgniter\CodeIgniter->run()
CRITICAL - 2024-03-09 23:09:52 --> Attempt to read property "idcategoria" on array
in APPPATH\Views\producto\listitemcarts.php on line 11.
 1 APPPATH\Views\producto\listitemcarts.php(11): CodeIgniter\Debug\Exceptions->errorHandler(2, 'Attempt to read property "idcategoria" on array', 'C:\\xampp\\htdocs\\tienda\\app\\Views\\producto\\listitemcarts.php', 11)
 2 SYSTEMPATH\View\View.php(228): include('C:\\xampp\\htdocs\\tienda\\app\\Views\\producto\\listitemcarts.php')
 3 SYSTEMPATH\View\View.php(231): CodeIgniter\View\View->CodeIgniter\View\{closure}()
 4 SYSTEMPATH\Common.php(1190): CodeIgniter\View\View->render('producto/listitemcarts', [], true)
 5 APPPATH\Controllers\Carrito.php(17): view('producto/listitemcarts', [...])
 6 SYSTEMPATH\CodeIgniter.php(942): App\Controllers\Carrito->viewProductosGrid()
 7 SYSTEMPATH\CodeIgniter.php(502): CodeIgniter\CodeIgniter->runController(Object(App\Controllers\Carrito))
 8 SYSTEMPATH\CodeIgniter.php(361): CodeIgniter\CodeIgniter->handleRequest(null, Object(Config\Cache), false)
 9 FCPATH\index.php(79): CodeIgniter\CodeIgniter->run()
CRITICAL - 2024-03-09 23:16:11 --> syntax error, unexpected variable "$row", expecting "," or ";"
in APPPATH\Views\producto\listitemcarts.php on line 12.
 1 SYSTEMPATH\View\View.php(231): CodeIgniter\View\View->CodeIgniter\View\{closure}()
 2 SYSTEMPATH\Common.php(1190): CodeIgniter\View\View->render('producto/listitemcarts', [], true)
 3 APPPATH\Controllers\Carrito.php(17): view('producto/listitemcarts', [...])
 4 SYSTEMPATH\CodeIgniter.php(942): App\Controllers\Carrito->viewProductosGrid()
 5 SYSTEMPATH\CodeIgniter.php(502): CodeIgniter\CodeIgniter->runController(Object(App\Controllers\Carrito))
 6 SYSTEMPATH\CodeIgniter.php(361): CodeIgniter\CodeIgniter->handleRequest(null, Object(Config\Cache), false)
 7 FCPATH\index.php(79): CodeIgniter\CodeIgniter->run()
CRITICAL - 2024-03-09 23:16:24 --> syntax error, unexpected variable "$row", expecting "," or ";"
in APPPATH\Views\producto\listitemcarts.php on line 12.
 1 SYSTEMPATH\View\View.php(231): CodeIgniter\View\View->CodeIgniter\View\{closure}()
 2 SYSTEMPATH\Common.php(1190): CodeIgniter\View\View->render('producto/listitemcarts', [], true)
 3 APPPATH\Controllers\Carrito.php(17): view('producto/listitemcarts', [...])
 4 SYSTEMPATH\CodeIgniter.php(942): App\Controllers\Carrito->viewProductosGrid()
 5 SYSTEMPATH\CodeIgniter.php(502): CodeIgniter\CodeIgniter->runController(Object(App\Controllers\Carrito))
 6 SYSTEMPATH\CodeIgniter.php(361): CodeIgniter\CodeIgniter->handleRequest(null, Object(Config\Cache), false)
 7 FCPATH\index.php(79): CodeIgniter\CodeIgniter->run()
CRITICAL - 2024-03-09 23:17:02 --> syntax error, unexpected variable "$row", expecting "," or ";"
in APPPATH\Views\producto\listitemcarts.php on line 12.
 1 SYSTEMPATH\View\View.php(231): CodeIgniter\View\View->CodeIgniter\View\{closure}()
 2 SYSTEMPATH\Common.php(1190): CodeIgniter\View\View->render('producto/listitemcarts', [], true)
 3 APPPATH\Controllers\Carrito.php(17): view('producto/listitemcarts', [...])
 4 SYSTEMPATH\CodeIgniter.php(942): App\Controllers\Carrito->viewProductosGrid()
 5 SYSTEMPATH\CodeIgniter.php(502): CodeIgniter\CodeIgniter->runController(Object(App\Controllers\Carrito))
 6 SYSTEMPATH\CodeIgniter.php(361): CodeIgniter\CodeIgniter->handleRequest(null, Object(Config\Cache), false)
 7 FCPATH\index.php(79): CodeIgniter\CodeIgniter->run()
CRITICAL - 2024-03-09 23:25:08 --> foreach() argument must be of type array|object, null given
in APPPATH\Views\producto\listitemcarts.php on line 3.
 1 APPPATH\Views\producto\listitemcarts.php(3): CodeIgniter\Debug\Exceptions->errorHandler(2, 'foreach() argument must be of type array|object, null given', 'C:\\xampp\\htdocs\\tienda\\app\\Views\\producto\\listitemcarts.php', 3)
 2 SYSTEMPATH\View\View.php(228): include('C:\\xampp\\htdocs\\tienda\\app\\Views\\producto\\listitemcarts.php')
 3 SYSTEMPATH\View\View.php(231): CodeIgniter\View\View->CodeIgniter\View\{closure}()
 4 SYSTEMPATH\Common.php(1190): CodeIgniter\View\View->render('producto/listitemcarts', [], true)
 5 APPPATH\Controllers\Carrito.php(19): view('producto/listitemcarts', [...])
 6 SYSTEMPATH\CodeIgniter.php(942): App\Controllers\Carrito->viewProductosGrid()
 7 SYSTEMPATH\CodeIgniter.php(502): CodeIgniter\CodeIgniter->runController(Object(App\Controllers\Carrito))
 8 SYSTEMPATH\CodeIgniter.php(361): CodeIgniter\CodeIgniter->handleRequest(null, Object(Config\Cache), false)
 9 FCPATH\index.php(79): CodeIgniter\CodeIgniter->run()
CRITICAL - 2024-03-09 23:26:44 --> Call to undefined function App\Controllers\format_number()
in APPPATH\Controllers\Carrito.php on line 103.
 1 SYSTEMPATH\CodeIgniter.php(942): App\Controllers\Carrito->getCountNotifications()
 2 SYSTEMPATH\CodeIgniter.php(502): CodeIgniter\CodeIgniter->runController(Object(App\Controllers\Carrito))
 3 SYSTEMPATH\CodeIgniter.php(361): CodeIgniter\CodeIgniter->handleRequest(null, Object(Config\Cache), false)
 4 FCPATH\index.php(79): CodeIgniter\CodeIgniter->run()
CRITICAL - 2024-03-09 23:59:30 --> Undefined array key "whatsapp"
in APPPATH\Views\producto\grid.php on line 62.
 1 APPPATH\Views\producto\grid.php(62): CodeIgniter\Debug\Exceptions->errorHandler(2, 'Undefined array key "whatsapp"', 'C:\\xampp\\htdocs\\tienda\\app\\Views\\producto\\grid.php', 62)
 2 SYSTEMPATH\View\View.php(228): include('C:\\xampp\\htdocs\\tienda\\app\\Views\\producto\\grid.php')
 3 SYSTEMPATH\View\View.php(231): CodeIgniter\View\View->CodeIgniter\View\{closure}()
 4 SYSTEMPATH\Common.php(1190): CodeIgniter\View\View->render('producto/grid', [], true)
 5 APPPATH\Controllers\Producto.php(26): view('producto/grid', [...])
 6 SYSTEMPATH\CodeIgniter.php(942): App\Controllers\Producto->viewProductosGrid('0', '0', '1')
 7 SYSTEMPATH\CodeIgniter.php(502): CodeIgniter\CodeIgniter->runController(Object(App\Controllers\Producto))
 8 SYSTEMPATH\CodeIgniter.php(361): CodeIgniter\CodeIgniter->handleRequest(null, Object(Config\Cache), false)
 9 FCPATH\index.php(79): CodeIgniter\CodeIgniter->run()
