CRITICAL - 2023-11-05 00:04:18 --> syntax error, unexpected token "if", expecting "," or ";"
in APPPATH\Views\lugarturistico\lista_grid.php on line 69.
 1 SYSTEMPATH\View\View.php(231): CodeIgniter\View\View->CodeIgniter\View\{closure}()
 2 SYSTEMPATH\Common.php(1190): CodeIgniter\View\View->render('lugarturistico/lista_grid', [], true)
 3 APPPATH\Controllers\LugarTuristico.php(53): view('lugarturistico/lista_grid', [...])
 4 SYSTEMPATH\CodeIgniter.php(942): App\Controllers\LugarTuristico->viewLugarTuristicoGrid('0', '0')
 5 SYSTEMPATH\CodeIgniter.php(502): CodeIgniter\CodeIgniter->runController(Object(App\Controllers\LugarTuristico))
 6 SYSTEMPATH\CodeIgniter.php(361): CodeIgniter\CodeIgniter->handleRequest(null, Object(Config\Cache), false)
 7 FCPATH\index.php(79): CodeIgniter\CodeIgniter->run()
CRITICAL - 2023-11-05 00:04:21 --> syntax error, unexpected token "if", expecting "," or ";"
in APPPATH\Views\lugarturistico\lista_grid.php on line 69.
 1 SYSTEMPATH\View\View.php(231): CodeIgniter\View\View->CodeIgniter\View\{closure}()
 2 SYSTEMPATH\Common.php(1190): CodeIgniter\View\View->render('lugarturistico/lista_grid', [], true)
 3 APPPATH\Controllers\LugarTuristico.php(53): view('lugarturistico/lista_grid', [...])
 4 SYSTEMPATH\CodeIgniter.php(942): App\Controllers\LugarTuristico->viewLugarTuristicoGrid('0', '0')
 5 SYSTEMPATH\CodeIgniter.php(502): CodeIgniter\CodeIgniter->runController(Object(App\Controllers\LugarTuristico))
 6 SYSTEMPATH\CodeIgniter.php(361): CodeIgniter\CodeIgniter->handleRequest(null, Object(Config\Cache), false)
 7 FCPATH\index.php(79): CodeIgniter\CodeIgniter->run()
CRITICAL - 2023-11-05 04:09:53 --> Undefined variable $row
in APPPATH\Views\lugarturistico\vista_modal.php on line 29.
 1 APPPATH\Views\lugarturistico\vista_modal.php(29): CodeIgniter\Debug\Exceptions->errorHandler(2, 'Undefined variable $row', 'C:\\xampp\\htdocs\\turismo\\app\\Views\\lugarturistico\\vista_modal.php', 29)
 2 SYSTEMPATH\View\View.php(228): include('C:\\xampp\\htdocs\\turismo\\app\\Views\\lugarturistico\\vista_modal.php')
 3 SYSTEMPATH\View\View.php(231): CodeIgniter\View\View->CodeIgniter\View\{closure}()
 4 SYSTEMPATH\Common.php(1190): CodeIgniter\View\View->render('lugarturistico/vista_modal', [], true)
 5 APPPATH\Controllers\LugarTuristico.php(40): view('lugarturistico/vista_modal', [...])
 6 SYSTEMPATH\CodeIgniter.php(942): App\Controllers\LugarTuristico->viewVistaModalLugarTuristico('33')
 7 SYSTEMPATH\CodeIgniter.php(502): CodeIgniter\CodeIgniter->runController(Object(App\Controllers\LugarTuristico))
 8 SYSTEMPATH\CodeIgniter.php(361): CodeIgniter\CodeIgniter->handleRequest(null, Object(Config\Cache), false)
 9 FCPATH\index.php(79): CodeIgniter\CodeIgniter->run()
CRITICAL - 2023-11-05 04:09:53 --> Undefined variable $row
in APPPATH\Views\lugarturistico\vista_modal.php on line 29.
 1 APPPATH\Views\lugarturistico\vista_modal.php(29): CodeIgniter\Debug\Exceptions->errorHandler(2, 'Undefined variable $row', 'C:\\xampp\\htdocs\\turismo\\app\\Views\\lugarturistico\\vista_modal.php', 29)
 2 SYSTEMPATH\View\View.php(228): include('C:\\xampp\\htdocs\\turismo\\app\\Views\\lugarturistico\\vista_modal.php')
 3 SYSTEMPATH\View\View.php(231): CodeIgniter\View\View->CodeIgniter\View\{closure}()
 4 SYSTEMPATH\Common.php(1190): CodeIgniter\View\View->render('lugarturistico/vista_modal', [], true)
 5 APPPATH\Controllers\LugarTuristico.php(40): view('lugarturistico/vista_modal', [...])
 6 SYSTEMPATH\CodeIgniter.php(942): App\Controllers\LugarTuristico->viewVistaModalLugarTuristico('33')
 7 SYSTEMPATH\CodeIgniter.php(502): CodeIgniter\CodeIgniter->runController(Object(App\Controllers\LugarTuristico))
 8 SYSTEMPATH\CodeIgniter.php(361): CodeIgniter\CodeIgniter->handleRequest(null, Object(Config\Cache), false)
 9 FCPATH\index.php(79): CodeIgniter\CodeIgniter->run()
CRITICAL - 2023-11-05 04:09:57 --> Undefined variable $row
in APPPATH\Views\lugarturistico\vista_modal.php on line 29.
 1 APPPATH\Views\lugarturistico\vista_modal.php(29): CodeIgniter\Debug\Exceptions->errorHandler(2, 'Undefined variable $row', 'C:\\xampp\\htdocs\\turismo\\app\\Views\\lugarturistico\\vista_modal.php', 29)
 2 SYSTEMPATH\View\View.php(228): include('C:\\xampp\\htdocs\\turismo\\app\\Views\\lugarturistico\\vista_modal.php')
 3 SYSTEMPATH\View\View.php(231): CodeIgniter\View\View->CodeIgniter\View\{closure}()
 4 SYSTEMPATH\Common.php(1190): CodeIgniter\View\View->render('lugarturistico/vista_modal', [], true)
 5 APPPATH\Controllers\LugarTuristico.php(40): view('lugarturistico/vista_modal', [...])
 6 SYSTEMPATH\CodeIgniter.php(942): App\Controllers\LugarTuristico->viewVistaModalLugarTuristico('33')
 7 SYSTEMPATH\CodeIgniter.php(502): CodeIgniter\CodeIgniter->runController(Object(App\Controllers\LugarTuristico))
 8 SYSTEMPATH\CodeIgniter.php(361): CodeIgniter\CodeIgniter->handleRequest(null, Object(Config\Cache), false)
 9 FCPATH\index.php(79): CodeIgniter\CodeIgniter->run()
CRITICAL - 2023-11-05 04:15:26 --> Undefined variable $whadeliverytsapp
in APPPATH\Views\lugarturistico\vista_modal.php on line 56.
 1 APPPATH\Views\lugarturistico\vista_modal.php(56): CodeIgniter\Debug\Exceptions->errorHandler(2, 'Undefined variable $whadeliverytsapp', 'C:\\xampp\\htdocs\\turismo\\app\\Views\\lugarturistico\\vista_modal.php', 56)
 2 SYSTEMPATH\View\View.php(228): include('C:\\xampp\\htdocs\\turismo\\app\\Views\\lugarturistico\\vista_modal.php')
 3 SYSTEMPATH\View\View.php(231): CodeIgniter\View\View->CodeIgniter\View\{closure}()
 4 SYSTEMPATH\Common.php(1190): CodeIgniter\View\View->render('lugarturistico/vista_modal', [], true)
 5 APPPATH\Controllers\LugarTuristico.php(40): view('lugarturistico/vista_modal', [...])
 6 SYSTEMPATH\CodeIgniter.php(942): App\Controllers\LugarTuristico->viewVistaModalLugarTuristico('39')
 7 SYSTEMPATH\CodeIgniter.php(502): CodeIgniter\CodeIgniter->runController(Object(App\Controllers\LugarTuristico))
 8 SYSTEMPATH\CodeIgniter.php(361): CodeIgniter\CodeIgniter->handleRequest(null, Object(Config\Cache), false)
 9 FCPATH\index.php(79): CodeIgniter\CodeIgniter->run()
CRITICAL - 2023-11-05 04:15:27 --> Undefined variable $whadeliverytsapp
in APPPATH\Views\lugarturistico\vista_modal.php on line 56.
 1 APPPATH\Views\lugarturistico\vista_modal.php(56): CodeIgniter\Debug\Exceptions->errorHandler(2, 'Undefined variable $whadeliverytsapp', 'C:\\xampp\\htdocs\\turismo\\app\\Views\\lugarturistico\\vista_modal.php', 56)
 2 SYSTEMPATH\View\View.php(228): include('C:\\xampp\\htdocs\\turismo\\app\\Views\\lugarturistico\\vista_modal.php')
 3 SYSTEMPATH\View\View.php(231): CodeIgniter\View\View->CodeIgniter\View\{closure}()
 4 SYSTEMPATH\Common.php(1190): CodeIgniter\View\View->render('lugarturistico/vista_modal', [], true)
 5 APPPATH\Controllers\LugarTuristico.php(40): view('lugarturistico/vista_modal', [...])
 6 SYSTEMPATH\CodeIgniter.php(942): App\Controllers\LugarTuristico->viewVistaModalLugarTuristico('39')
 7 SYSTEMPATH\CodeIgniter.php(502): CodeIgniter\CodeIgniter->runController(Object(App\Controllers\LugarTuristico))
 8 SYSTEMPATH\CodeIgniter.php(361): CodeIgniter\CodeIgniter->handleRequest(null, Object(Config\Cache), false)
 9 FCPATH\index.php(79): CodeIgniter\CodeIgniter->run()
CRITICAL - 2023-11-05 04:15:30 --> Undefined variable $whadeliverytsapp
in APPPATH\Views\lugarturistico\vista_modal.php on line 56.
 1 APPPATH\Views\lugarturistico\vista_modal.php(56): CodeIgniter\Debug\Exceptions->errorHandler(2, 'Undefined variable $whadeliverytsapp', 'C:\\xampp\\htdocs\\turismo\\app\\Views\\lugarturistico\\vista_modal.php', 56)
 2 SYSTEMPATH\View\View.php(228): include('C:\\xampp\\htdocs\\turismo\\app\\Views\\lugarturistico\\vista_modal.php')
 3 SYSTEMPATH\View\View.php(231): CodeIgniter\View\View->CodeIgniter\View\{closure}()
 4 SYSTEMPATH\Common.php(1190): CodeIgniter\View\View->render('lugarturistico/vista_modal', [], true)
 5 APPPATH\Controllers\LugarTuristico.php(40): view('lugarturistico/vista_modal', [...])
 6 SYSTEMPATH\CodeIgniter.php(942): App\Controllers\LugarTuristico->viewVistaModalLugarTuristico('39')
 7 SYSTEMPATH\CodeIgniter.php(502): CodeIgniter\CodeIgniter->runController(Object(App\Controllers\LugarTuristico))
 8 SYSTEMPATH\CodeIgniter.php(361): CodeIgniter\CodeIgniter->handleRequest(null, Object(Config\Cache), false)
 9 FCPATH\index.php(79): CodeIgniter\CodeIgniter->run()
CRITICAL - 2023-11-05 04:40:15 --> Undefined variable $images_gif
in APPPATH\Views\lugarturistico\vista_modal.php on line 34.
 1 APPPATH\Views\lugarturistico\vista_modal.php(34): CodeIgniter\Debug\Exceptions->errorHandler(2, 'Undefined variable $images_gif', 'C:\\xampp\\htdocs\\turismo\\app\\Views\\lugarturistico\\vista_modal.php', 34)
 2 SYSTEMPATH\View\View.php(228): include('C:\\xampp\\htdocs\\turismo\\app\\Views\\lugarturistico\\vista_modal.php')
 3 SYSTEMPATH\View\View.php(231): CodeIgniter\View\View->CodeIgniter\View\{closure}()
 4 SYSTEMPATH\Common.php(1190): CodeIgniter\View\View->render('lugarturistico/vista_modal', [], true)
 5 APPPATH\Controllers\LugarTuristico.php(40): view('lugarturistico/vista_modal', [...])
 6 SYSTEMPATH\CodeIgniter.php(942): App\Controllers\LugarTuristico->viewVistaModalLugarTuristico('33')
 7 SYSTEMPATH\CodeIgniter.php(502): CodeIgniter\CodeIgniter->runController(Object(App\Controllers\LugarTuristico))
 8 SYSTEMPATH\CodeIgniter.php(361): CodeIgniter\CodeIgniter->handleRequest(null, Object(Config\Cache), false)
 9 FCPATH\index.php(79): CodeIgniter\CodeIgniter->run()
CRITICAL - 2023-11-05 17:20:54 --> Class "Config\Userrules" not found
in SYSTEMPATH\Validation\Validation.php on line 694.
 1 SYSTEMPATH\Validation\Validation.php(120): CodeIgniter\Validation\Validation->loadRuleSets()
 2 SYSTEMPATH\Config\Services.php(818): CodeIgniter\Validation\Validation->__construct(Object(Config\Validation), Object(CodeIgniter\View\View))
 3 SYSTEMPATH\Config\BaseService.php(258): CodeIgniter\Config\Services::validation(Object(Config\Validation), false)
 4 SYSTEMPATH\BaseModel.php(332): CodeIgniter\Config\BaseService::__callStatic('validation', [...])
 5 SYSTEMPATH\Model.php(155): CodeIgniter\BaseModel->__construct(null)
 6 APPPATH\Controllers\LugarTuristico.php(70): CodeIgniter\Model->__construct()
 7 SYSTEMPATH\CodeIgniter.php(942): App\Controllers\LugarTuristico->viewLugarTuristicoGrid('0', '0')
 8 SYSTEMPATH\CodeIgniter.php(502): CodeIgniter\CodeIgniter->runController(Object(App\Controllers\LugarTuristico))
 9 SYSTEMPATH\CodeIgniter.php(361): CodeIgniter\CodeIgniter->handleRequest(null, Object(Config\Cache), false)
10 FCPATH\index.php(79): CodeIgniter\CodeIgniter->run()
CRITICAL - 2023-11-05 17:20:54 --> Class "Config\Userrules" not found
in SYSTEMPATH\Validation\Validation.php on line 694.
 1 SYSTEMPATH\Validation\Validation.php(120): CodeIgniter\Validation\Validation->loadRuleSets()
 2 SYSTEMPATH\Config\Services.php(818): CodeIgniter\Validation\Validation->__construct(Object(Config\Validation), Object(CodeIgniter\View\View))
 3 SYSTEMPATH\Config\BaseService.php(258): CodeIgniter\Config\Services::validation(Object(Config\Validation), false)
 4 SYSTEMPATH\BaseModel.php(332): CodeIgniter\Config\BaseService::__callStatic('validation', [...])
 5 SYSTEMPATH\Model.php(155): CodeIgniter\BaseModel->__construct(null)
 6 APPPATH\Controllers\Categoria.php(45): CodeIgniter\Model->__construct()
 7 SYSTEMPATH\CodeIgniter.php(942): App\Controllers\Categoria->getjson_ListadoCategorias('')
 8 SYSTEMPATH\CodeIgniter.php(502): CodeIgniter\CodeIgniter->runController(Object(App\Controllers\Categoria))
 9 SYSTEMPATH\CodeIgniter.php(361): CodeIgniter\CodeIgniter->handleRequest(null, Object(Config\Cache), false)
10 FCPATH\index.php(79): CodeIgniter\CodeIgniter->run()
CRITICAL - 2023-11-05 17:22:42 --> Class "Config\Userrules" not found
in SYSTEMPATH\Validation\Validation.php on line 694.
 1 SYSTEMPATH\Validation\Validation.php(120): CodeIgniter\Validation\Validation->loadRuleSets()
 2 SYSTEMPATH\Config\Services.php(818): CodeIgniter\Validation\Validation->__construct(Object(Config\Validation), Object(CodeIgniter\View\View))
 3 SYSTEMPATH\Config\BaseService.php(258): CodeIgniter\Config\Services::validation(Object(Config\Validation), false)
 4 SYSTEMPATH\BaseModel.php(332): CodeIgniter\Config\BaseService::__callStatic('validation', [...])
 5 SYSTEMPATH\Model.php(155): CodeIgniter\BaseModel->__construct(null)
 6 APPPATH\Controllers\Categoria.php(45): CodeIgniter\Model->__construct()
 7 SYSTEMPATH\CodeIgniter.php(942): App\Controllers\Categoria->getjson_ListadoCategorias('')
 8 SYSTEMPATH\CodeIgniter.php(502): CodeIgniter\CodeIgniter->runController(Object(App\Controllers\Categoria))
 9 SYSTEMPATH\CodeIgniter.php(361): CodeIgniter\CodeIgniter->handleRequest(null, Object(Config\Cache), false)
10 FCPATH\index.php(79): CodeIgniter\CodeIgniter->run()
CRITICAL - 2023-11-05 17:22:42 --> Class "Config\Userrules" not found
in SYSTEMPATH\Validation\Validation.php on line 694.
 1 SYSTEMPATH\Validation\Validation.php(120): CodeIgniter\Validation\Validation->loadRuleSets()
 2 SYSTEMPATH\Config\Services.php(818): CodeIgniter\Validation\Validation->__construct(Object(Config\Validation), Object(CodeIgniter\View\View))
 3 SYSTEMPATH\Config\BaseService.php(258): CodeIgniter\Config\Services::validation(Object(Config\Validation), false)
 4 SYSTEMPATH\BaseModel.php(332): CodeIgniter\Config\BaseService::__callStatic('validation', [...])
 5 SYSTEMPATH\Model.php(155): CodeIgniter\BaseModel->__construct(null)
 6 APPPATH\Controllers\LugarTuristico.php(70): CodeIgniter\Model->__construct()
 7 SYSTEMPATH\CodeIgniter.php(942): App\Controllers\LugarTuristico->viewLugarTuristicoGrid('0', '0')
 8 SYSTEMPATH\CodeIgniter.php(502): CodeIgniter\CodeIgniter->runController(Object(App\Controllers\LugarTuristico))
 9 SYSTEMPATH\CodeIgniter.php(361): CodeIgniter\CodeIgniter->handleRequest(null, Object(Config\Cache), false)
10 FCPATH\index.php(79): CodeIgniter\CodeIgniter->run()
CRITICAL - 2023-11-05 17:22:44 --> Class "Config\Userrules" not found
in SYSTEMPATH\Validation\Validation.php on line 694.
 1 SYSTEMPATH\Validation\Validation.php(120): CodeIgniter\Validation\Validation->loadRuleSets()
 2 SYSTEMPATH\Config\Services.php(818): CodeIgniter\Validation\Validation->__construct(Object(Config\Validation), Object(CodeIgniter\View\View))
 3 SYSTEMPATH\Config\BaseService.php(258): CodeIgniter\Config\Services::validation(Object(Config\Validation), false)
 4 SYSTEMPATH\BaseModel.php(332): CodeIgniter\Config\BaseService::__callStatic('validation', [...])
 5 SYSTEMPATH\Model.php(155): CodeIgniter\BaseModel->__construct(null)
 6 APPPATH\Controllers\Categoria.php(45): CodeIgniter\Model->__construct()
 7 SYSTEMPATH\CodeIgniter.php(942): App\Controllers\Categoria->getjson_ListadoCategorias('')
 8 SYSTEMPATH\CodeIgniter.php(502): CodeIgniter\CodeIgniter->runController(Object(App\Controllers\Categoria))
 9 SYSTEMPATH\CodeIgniter.php(361): CodeIgniter\CodeIgniter->handleRequest(null, Object(Config\Cache), false)
10 FCPATH\index.php(79): CodeIgniter\CodeIgniter->run()
CRITICAL - 2023-11-05 17:22:44 --> Class "Config\Userrules" not found
in SYSTEMPATH\Validation\Validation.php on line 694.
 1 SYSTEMPATH\Validation\Validation.php(120): CodeIgniter\Validation\Validation->loadRuleSets()
 2 SYSTEMPATH\Config\Services.php(818): CodeIgniter\Validation\Validation->__construct(Object(Config\Validation), Object(CodeIgniter\View\View))
 3 SYSTEMPATH\Config\BaseService.php(258): CodeIgniter\Config\Services::validation(Object(Config\Validation), false)
 4 SYSTEMPATH\BaseModel.php(332): CodeIgniter\Config\BaseService::__callStatic('validation', [...])
 5 SYSTEMPATH\Model.php(155): CodeIgniter\BaseModel->__construct(null)
 6 APPPATH\Controllers\LugarTuristico.php(70): CodeIgniter\Model->__construct()
 7 SYSTEMPATH\CodeIgniter.php(942): App\Controllers\LugarTuristico->viewLugarTuristicoGrid('0', '0')
 8 SYSTEMPATH\CodeIgniter.php(502): CodeIgniter\CodeIgniter->runController(Object(App\Controllers\LugarTuristico))
 9 SYSTEMPATH\CodeIgniter.php(361): CodeIgniter\CodeIgniter->handleRequest(null, Object(Config\Cache), false)
10 FCPATH\index.php(79): CodeIgniter\CodeIgniter->run()
CRITICAL - 2023-11-05 17:49:04 --> Class "Config\Userrules" not found
in SYSTEMPATH\Validation\Validation.php on line 694.
 1 SYSTEMPATH\Validation\Validation.php(120): CodeIgniter\Validation\Validation->loadRuleSets()
 2 SYSTEMPATH\Config\Services.php(818): CodeIgniter\Validation\Validation->__construct(Object(Config\Validation), Object(CodeIgniter\View\View))
 3 SYSTEMPATH\Config\BaseService.php(258): CodeIgniter\Config\Services::validation(Object(Config\Validation), false)
 4 SYSTEMPATH\Config\BaseService.php(199): CodeIgniter\Config\BaseService::__callStatic('validation', [...])
 5 SYSTEMPATH\Config\Services.php(813): CodeIgniter\Config\BaseService::getSharedInstance('validation', null)
 6 SYSTEMPATH\Config\BaseService.php(258): CodeIgniter\Config\Services::validation()
 7 SYSTEMPATH\Controller.php(175): CodeIgniter\Config\BaseService::__callStatic('validation', [])
 8 SYSTEMPATH\Controller.php(150): CodeIgniter\Controller->setValidator([...], [...])
 9 APPPATH\Controllers\Usuario.php(28): CodeIgniter\Controller->validate([...], [...])
10 SYSTEMPATH\CodeIgniter.php(942): App\Controllers\Usuario->login()
11 SYSTEMPATH\CodeIgniter.php(502): CodeIgniter\CodeIgniter->runController(Object(App\Controllers\Usuario))
12 SYSTEMPATH\CodeIgniter.php(361): CodeIgniter\CodeIgniter->handleRequest(null, Object(Config\Cache), false)
13 FCPATH\index.php(79): CodeIgniter\CodeIgniter->run()
CRITICAL - 2023-11-05 17:51:57 --> Class "Config\Userrules" not found
in SYSTEMPATH\Validation\Validation.php on line 694.
 1 SYSTEMPATH\Validation\Validation.php(120): CodeIgniter\Validation\Validation->loadRuleSets()
 2 SYSTEMPATH\Config\Services.php(818): CodeIgniter\Validation\Validation->__construct(Object(Config\Validation), Object(CodeIgniter\View\View))
 3 SYSTEMPATH\Config\BaseService.php(258): CodeIgniter\Config\Services::validation(Object(Config\Validation), false)
 4 SYSTEMPATH\Config\BaseService.php(199): CodeIgniter\Config\BaseService::__callStatic('validation', [...])
 5 SYSTEMPATH\Config\Services.php(813): CodeIgniter\Config\BaseService::getSharedInstance('validation', null)
 6 SYSTEMPATH\Config\BaseService.php(258): CodeIgniter\Config\Services::validation()
 7 SYSTEMPATH\Controller.php(175): CodeIgniter\Config\BaseService::__callStatic('validation', [])
 8 SYSTEMPATH\Controller.php(150): CodeIgniter\Controller->setValidator([...], [...])
 9 APPPATH\Controllers\Usuario.php(25): CodeIgniter\Controller->validate([...], [...])
10 SYSTEMPATH\CodeIgniter.php(942): App\Controllers\Usuario->login()
11 SYSTEMPATH\CodeIgniter.php(502): CodeIgniter\CodeIgniter->runController(Object(App\Controllers\Usuario))
12 SYSTEMPATH\CodeIgniter.php(361): CodeIgniter\CodeIgniter->handleRequest(null, Object(Config\Cache), false)
13 FCPATH\index.php(79): CodeIgniter\CodeIgniter->run()
CRITICAL - 2023-11-05 17:52:23 --> Class "Config\Userrules" not found
in SYSTEMPATH\Validation\Validation.php on line 694.
 1 SYSTEMPATH\Validation\Validation.php(120): CodeIgniter\Validation\Validation->loadRuleSets()
 2 SYSTEMPATH\Config\Services.php(818): CodeIgniter\Validation\Validation->__construct(Object(Config\Validation), Object(CodeIgniter\View\View))
 3 SYSTEMPATH\Config\BaseService.php(258): CodeIgniter\Config\Services::validation(Object(Config\Validation), false)
 4 SYSTEMPATH\Config\BaseService.php(199): CodeIgniter\Config\BaseService::__callStatic('validation', [...])
 5 SYSTEMPATH\Config\Services.php(813): CodeIgniter\Config\BaseService::getSharedInstance('validation', null)
 6 SYSTEMPATH\Config\BaseService.php(258): CodeIgniter\Config\Services::validation()
 7 SYSTEMPATH\Controller.php(175): CodeIgniter\Config\BaseService::__callStatic('validation', [])
 8 SYSTEMPATH\Controller.php(150): CodeIgniter\Controller->setValidator([...], [...])
 9 APPPATH\Controllers\Usuario.php(25): CodeIgniter\Controller->validate([...], [...])
10 SYSTEMPATH\CodeIgniter.php(942): App\Controllers\Usuario->login()
11 SYSTEMPATH\CodeIgniter.php(502): CodeIgniter\CodeIgniter->runController(Object(App\Controllers\Usuario))
12 SYSTEMPATH\CodeIgniter.php(361): CodeIgniter\CodeIgniter->handleRequest(null, Object(Config\Cache), false)
13 FCPATH\index.php(79): CodeIgniter\CodeIgniter->run()
